<?xml version="1.0" encoding="UTF-8"?>
<coverage generated="1772131684117" clover="3.2.0">
  <project timestamp="1772131684117" name="All files">
    <metrics statements="502" coveredstatements="413" conditionals="470" coveredconditionals="309" methods="83" coveredmethods="58" elements="1055" coveredelements="780" complexity="0" loc="502" ncloc="502" packages="8" files="15" classes="15"/>
    <package name="components">
      <metrics statements="212" coveredstatements="199" conditionals="322" coveredconditionals="222" methods="26" coveredmethods="21"/>
      <file name="DisputeForm.tsx" path="C:\Users\junio\Desktop\capitec\card-dispute-portal\src\components\DisputeForm.tsx">
        <metrics statements="79" coveredstatements="78" conditionals="110" coveredconditionals="89" methods="6" coveredmethods="6"/>
        <line num="12" count="2" type="stmt"/>
        <line num="19" count="18" type="stmt"/>
        <line num="23" count="18" type="cond" truecount="2" falsecount="0"/>
        <line num="24" count="18" type="stmt"/>
        <line num="29" count="18" type="cond" truecount="4" falsecount="0"/>
        <line num="32" count="18" type="cond" truecount="3" falsecount="1"/>
        <line num="34" count="18" type="stmt"/>
        <line num="35" count="1" type="cond" truecount="1" falsecount="1"/>
        <line num="36" count="1" type="stmt"/>
        <line num="37" count="18" type="cond" truecount="2" falsecount="3"/>
        <line num="39" count="18" type="stmt"/>
        <line num="40" count="1" type="stmt"/>
        <line num="41" count="1" type="cond" truecount="1" falsecount="1"/>
        <line num="42" count="1" type="stmt"/>
        <line num="44" count="18" type="cond" truecount="2" falsecount="0"/>
        <line num="47" count="18" type="stmt"/>
        <line num="48" count="18" type="cond" truecount="2" falsecount="0"/>
        <line num="49" count="9" type="stmt"/>
        <line num="50" count="9" type="stmt"/>
        <line num="51" count="9" type="stmt"/>
        <line num="53" count="18" type="cond" truecount="2" falsecount="0"/>
        <line num="55" count="18" type="cond" truecount="2" falsecount="0"/>
        <line num="56" count="9" type="stmt"/>
        <line num="57" count="9" type="stmt"/>
        <line num="59" count="18" type="cond" truecount="2" falsecount="0"/>
        <line num="61" count="18" type="cond" truecount="2" falsecount="0"/>
        <line num="62" count="9" type="stmt"/>
        <line num="63" count="9" type="stmt"/>
        <line num="65" count="18" type="cond" truecount="2" falsecount="0"/>
        <line num="67" count="18" type="cond" truecount="2" falsecount="0"/>
        <line num="68" count="9" type="stmt"/>
        <line num="69" count="9" type="stmt"/>
        <line num="71" count="18" type="cond" truecount="2" falsecount="0"/>
        <line num="72" count="18" type="cond" truecount="2" falsecount="0"/>
        <line num="73" count="18" type="cond" truecount="2" falsecount="0"/>
        <line num="74" count="9" type="stmt"/>
        <line num="75" count="9" type="stmt"/>
        <line num="77" count="18" type="cond" truecount="2" falsecount="0"/>
        <line num="79" count="18" type="cond" truecount="2" falsecount="0"/>
        <line num="81" count="18" type="cond" truecount="7" falsecount="0"/>
        <line num="82" count="18" type="cond" truecount="2" falsecount="0"/>
        <line num="83" count="18" type="stmt"/>
        <line num="84" count="18" type="stmt"/>
        <line num="85" count="9" type="stmt"/>
        <line num="87" count="9" type="stmt"/>
        <line num="91" count="18" type="cond" truecount="1" falsecount="1"/>
        <line num="92" count="18" type="stmt"/>
        <line num="93" count="3" type="stmt"/>
        <line num="96" count="18" type="cond" truecount="2" falsecount="0"/>
        <line num="100" count="9" type="stmt"/>
        <line num="101" count="63" type="stmt"/>
        <line num="105" count="18" type="cond" truecount="3" falsecount="1"/>
        <line num="107" count="18" type="cond" truecount="2" falsecount="0"/>
        <line num="108" count="18" type="stmt"/>
        <line num="109" count="9" type="stmt"/>
        <line num="111" count="18" type="cond" truecount="1" falsecount="1"/>
        <line num="115" count="18" type="stmt"/>
        <line num="116" count="18" type="cond" truecount="3" falsecount="1"/>
        <line num="123" count="18" type="cond" truecount="1" falsecount="1"/>
        <line num="124" count="18" type="stmt"/>
        <line num="125" count="18" type="stmt"/>
        <line num="129" count="18" type="stmt"/>
        <line num="130" count="2" type="stmt"/>
        <line num="134" count="18" type="cond" truecount="3" falsecount="1"/>
        <line num="136" count="18" type="cond" truecount="2" falsecount="0"/>
        <line num="137" count="9" type="stmt"/>
        <line num="139" count="18" type="cond" truecount="1" falsecount="1"/>
        <line num="140" count="18" type="cond" truecount="4" falsecount="1"/>
        <line num="141" count="18" type="cond" truecount="2" falsecount="0"/>
        <line num="160" count="0" type="stmt"/>
        <line num="161" count="11" type="stmt"/>
        <line num="162" count="11" type="stmt"/>
        <line num="165" count="18" type="cond" truecount="2" falsecount="0"/>
        <line num="168" count="18" type="cond" truecount="2" falsecount="0"/>
        <line num="169" count="9" type="stmt"/>
        <line num="175" count="18" type="cond" truecount="4" falsecount="0"/>
        <line num="176" count="18" type="cond" truecount="2" falsecount="6"/>
        <line num="177" count="18" type="cond" truecount="3" falsecount="1"/>
        <line num="178" count="18" type="stmt"/>
      </file>
      <file name="Footer.tsx" path="C:\Users\junio\Desktop\capitec\card-dispute-portal\src\components\Footer.tsx">
        <metrics statements="20" coveredstatements="20" conditionals="28" coveredconditionals="15" methods="1" coveredmethods="1"/>
        <line num="22" count="5" type="stmt"/>
        <line num="23" count="5" type="cond" truecount="2" falsecount="0"/>
        <line num="24" count="5" type="cond" truecount="1" falsecount="1"/>
        <line num="25" count="5" type="cond" truecount="2" falsecount="2"/>
        <line num="27" count="5" type="stmt"/>
        <line num="48" count="5" type="cond" truecount="2" falsecount="2"/>
        <line num="51" count="5" type="stmt"/>
        <line num="52" count="5" type="stmt"/>
        <line num="54" count="5" type="stmt"/>
        <line num="56" count="5" type="cond" truecount="1" falsecount="1"/>
        <line num="59" count="5" type="stmt"/>
        <line num="61" count="20" type="stmt"/>
        <line num="75" count="5" type="cond" truecount="1" falsecount="1"/>
        <line num="76" count="5" type="cond" truecount="1" falsecount="1"/>
        <line num="79" count="5" type="stmt"/>
        <line num="90" count="5" type="cond" truecount="1" falsecount="1"/>
        <line num="93" count="5" type="stmt"/>
        <line num="95" count="5" type="cond" truecount="2" falsecount="2"/>
        <line num="98" count="5" type="cond" truecount="2" falsecount="2"/>
        <line num="99" count="5" type="stmt"/>
      </file>
      <file name="Header.tsx" path="C:\Users\junio\Desktop\capitec\card-dispute-portal\src\components\Header.tsx">
        <metrics statements="60" coveredstatements="51" conditionals="93" coveredconditionals="70" methods="10" coveredmethods="6"/>
        <line num="12" count="5" type="stmt"/>
        <line num="13" count="5" type="cond" truecount="1" falsecount="1"/>
        <line num="14" count="5" type="cond" truecount="3" falsecount="1"/>
        <line num="15" count="5" type="cond" truecount="1" falsecount="1"/>
        <line num="19" count="1" type="stmt"/>
        <line num="21" count="5" type="stmt"/>
        <line num="22" count="5" type="stmt"/>
        <line num="23" count="5" type="stmt"/>
        <line num="24" count="5" type="cond" truecount="1" falsecount="1"/>
        <line num="26" count="5" type="stmt"/>
        <line num="27" count="1" type="stmt"/>
        <line num="28" count="5" type="cond" truecount="2" falsecount="0"/>
        <line num="30" count="24" type="cond" truecount="4" falsecount="0"/>
        <line num="32" count="5" type="stmt"/>
        <line num="33" count="1" type="stmt"/>
        <line num="34" count="1" type="stmt"/>
        <line num="35" count="5" type="cond" truecount="5" falsecount="0"/>
        <line num="38" count="5" type="stmt"/>
        <line num="39" count="5" type="stmt"/>
        <line num="41" count="4" type="stmt"/>
        <line num="48" count="5" type="cond" truecount="7" falsecount="2"/>
        <line num="50" count="4" type="stmt"/>
        <line num="51" count="4" type="stmt"/>
        <line num="52" count="12" type="stmt"/>
        <line num="54" count="0" type="stmt"/>
        <line num="64" count="5" type="cond" truecount="2" falsecount="0"/>
        <line num="65" count="4" type="stmt"/>
        <line num="71" count="5" type="cond" truecount="4" falsecount="0"/>
        <line num="72" count="1" type="stmt"/>
        <line num="74" count="5" type="stmt"/>
        <line num="79" count="5" type="stmt"/>
        <line num="80" count="5" type="cond" truecount="3" falsecount="1"/>
        <line num="81" count="0" type="stmt"/>
        <line num="82" count="5" type="stmt"/>
        <line num="83" count="5" type="cond" truecount="3" falsecount="1"/>
        <line num="84" count="0" type="stmt"/>
        <line num="85" count="5" type="stmt"/>
        <line num="86" count="5" type="cond" truecount="3" falsecount="1"/>
        <line num="87" count="5" type="cond" truecount="2" falsecount="4"/>
        <line num="88" count="5" type="cond" truecount="3" falsecount="2"/>
        <line num="90" count="5" type="cond" truecount="1" falsecount="1"/>
        <line num="93" count="5" type="cond" truecount="2" falsecount="0"/>
        <line num="96" count="0" type="stmt"/>
        <line num="98" count="0" type="stmt"/>
        <line num="101" count="5" type="stmt"/>
        <line num="102" count="5" type="stmt"/>
        <line num="104" count="5" type="cond" truecount="7" falsecount="2"/>
        <line num="106" count="4" type="stmt"/>
        <line num="107" count="4" type="stmt"/>
        <line num="108" count="12" type="stmt"/>
        <line num="111" count="0" type="stmt"/>
        <line num="112" count="0" type="stmt"/>
        <line num="123" count="5" type="cond" truecount="2" falsecount="0"/>
        <line num="124" count="4" type="stmt"/>
        <line num="126" count="0" type="stmt"/>
        <line num="127" count="0" type="stmt"/>
        <line num="133" count="5" type="cond" truecount="4" falsecount="0"/>
        <line num="134" count="5" type="cond" truecount="2" falsecount="2"/>
        <line num="135" count="5" type="cond" truecount="2" falsecount="3"/>
        <line num="136" count="5" type="stmt"/>
      </file>
      <file name="ProtectedRoute.tsx" path="C:\Users\junio\Desktop\capitec\card-dispute-portal\src\components\ProtectedRoute.tsx">
        <metrics statements="7" coveredstatements="7" conditionals="10" coveredconditionals="6" methods="1" coveredmethods="1"/>
        <line num="5" count="2" type="stmt"/>
        <line num="10" count="2" type="stmt"/>
        <line num="12" count="2" type="cond" truecount="3" falsecount="1"/>
        <line num="14" count="1" type="stmt"/>
        <line num="16" count="1" type="stmt"/>
        <line num="18" count="1" type="cond" truecount="2" falsecount="2"/>
        <line num="20" count="1" type="cond" truecount="1" falsecount="1"/>
      </file>
      <file name="Spinner.tsx" path="C:\Users\junio\Desktop\capitec\card-dispute-portal\src\components\Spinner.tsx">
        <metrics statements="6" coveredstatements="5" conditionals="8" coveredconditionals="5" methods="1" coveredmethods="1"/>
        <line num="5" count="16" type="cond" truecount="3" falsecount="1"/>
        <line num="6" count="16" type="stmt"/>
        <line num="10" count="0" type="stmt"/>
        <line num="13" count="16" type="cond" truecount="1" falsecount="1"/>
        <line num="14" count="16" type="cond" truecount="1" falsecount="1"/>
        <line num="15" count="16" type="stmt"/>
      </file>
      <file name="TransactionList.tsx" path="C:\Users\junio\Desktop\capitec\card-dispute-portal\src\components\TransactionList.tsx">
        <metrics statements="40" coveredstatements="38" conditionals="73" coveredconditionals="37" methods="7" coveredmethods="6"/>
        <line num="17" count="11" type="stmt"/>
        <line num="26" count="11" type="cond" truecount="1" falsecount="1"/>
        <line num="28" count="11" type="stmt"/>
        <line num="29" count="23" type="cond" truecount="2" falsecount="2"/>
        <line num="30" count="16" type="stmt"/>
        <line num="32" count="0" type="stmt"/>
        <line num="34" count="7" type="stmt"/>
        <line num="35" count="0" type="stmt"/>
        <line num="39" count="11" type="cond" truecount="1" falsecount="1"/>
        <line num="42" count="11" type="stmt"/>
        <line num="43" count="11" type="stmt"/>
        <line num="44" count="11" type="cond" truecount="1" falsecount="1"/>
        <line num="46" count="11" type="stmt"/>
        <line num="47" count="11" type="stmt"/>
        <line num="50" count="11" type="cond" truecount="5" falsecount="3"/>
        <line num="51" count="11" type="cond" truecount="1" falsecount="1"/>
        <line num="52" count="11" type="stmt"/>
        <line num="53" count="11" type="stmt"/>
        <line num="56" count="11" type="cond" truecount="3" falsecount="5"/>
        <line num="57" count="11" type="cond" truecount="2" falsecount="2"/>
        <line num="59" count="11" type="cond" truecount="2" falsecount="2"/>
        <line num="61" count="11" type="stmt"/>
        <line num="62" count="11" type="stmt"/>
        <line num="63" count="23" type="stmt"/>
        <line num="94" count="3" type="stmt"/>
        <line num="101" count="11" type="cond" truecount="1" falsecount="1"/>
        <line num="102" count="11" type="cond" truecount="2" falsecount="2"/>
        <line num="104" count="11" type="stmt"/>
        <line num="105" count="11" type="stmt"/>
        <line num="106" count="11" type="stmt"/>
        <line num="107" count="11" type="cond" truecount="2" falsecount="2"/>
        <line num="111" count="11" type="cond" truecount="2" falsecount="2"/>
        <line num="112" count="11" type="stmt"/>
        <line num="114" count="11" type="cond" truecount="2" falsecount="3"/>
        <line num="115" count="11" type="stmt"/>
        <line num="116" count="11" type="stmt"/>
        <line num="117" count="11" type="cond" truecount="2" falsecount="2"/>
        <line num="121" count="11" type="cond" truecount="2" falsecount="3"/>
        <line num="122" count="11" type="cond" truecount="2" falsecount="3"/>
        <line num="123" count="11" type="stmt"/>
      </file>
    </package>
    <package name="context">
      <metrics statements="84" coveredstatements="57" conditionals="29" coveredconditionals="15" methods="12" coveredmethods="9"/>
      <file name="AuthContext.tsx" path="C:\Users\junio\Desktop\capitec\card-dispute-portal\src\context\AuthContext.tsx">
        <metrics statements="84" coveredstatements="57" conditionals="29" coveredconditionals="15" methods="12" coveredmethods="9"/>
        <line num="29" count="1" type="stmt"/>
        <line num="31" count="1" type="stmt"/>
        <line num="32" count="1" type="stmt"/>
        <line num="34" count="1" type="stmt"/>
        <line num="35" count="1" type="cond" truecount="1" falsecount="1"/>
        <line num="36" count="1" type="stmt"/>
        <line num="37" count="1" type="stmt"/>
        <line num="41" count="0" type="stmt"/>
        <line num="43" count="0" type="stmt"/>
        <line num="45" count="0" type="stmt"/>
        <line num="47" count="0" type="stmt"/>
        <line num="48" count="0" type="stmt"/>
        <line num="52" count="1" type="stmt"/>
        <line num="53" count="11" type="stmt"/>
        <line num="54" count="11" type="stmt"/>
        <line num="55" count="11" type="stmt"/>
        <line num="56" count="11" type="stmt"/>
        <line num="58" count="11" type="stmt"/>
        <line num="59" count="1" type="stmt"/>
        <line num="60" count="1" type="stmt"/>
        <line num="61" count="1" type="cond" truecount="2" falsecount="0"/>
        <line num="63" count="0" type="stmt"/>
        <line num="65" count="1" type="stmt"/>
        <line num="66" count="1" type="stmt"/>
        <line num="67" count="1" type="stmt"/>
        <line num="68" count="1" type="stmt"/>
        <line num="69" count="1" type="stmt"/>
        <line num="70" count="1" type="stmt"/>
        <line num="71" count="1" type="stmt"/>
        <line num="75" count="11" type="stmt"/>
        <line num="76" count="0" type="stmt"/>
        <line num="77" count="0" type="stmt"/>
        <line num="78" count="0" type="cond" truecount="0" falsecount="2"/>
        <line num="80" count="0" type="stmt"/>
        <line num="81" count="0" type="stmt"/>
        <line num="82" count="0" type="cond" truecount="0" falsecount="2"/>
        <line num="83" count="0" type="stmt"/>
        <line num="86" count="0" type="stmt"/>
        <line num="87" count="0" type="stmt"/>
        <line num="91" count="11" type="stmt"/>
        <line num="92" count="1" type="stmt"/>
        <line num="93" count="1" type="cond" truecount="1" falsecount="1"/>
        <line num="95" count="1" type="stmt"/>
        <line num="96" count="1" type="cond" truecount="1" falsecount="1"/>
        <line num="98" count="0" type="stmt"/>
        <line num="99" count="0" type="stmt"/>
        <line num="101" count="0" type="cond" truecount="0" falsecount="2"/>
        <line num="102" count="0" type="stmt"/>
        <line num="103" count="0" type="cond" truecount="0" falsecount="2"/>
        <line num="104" count="0" type="stmt"/>
        <line num="107" count="0" type="cond" truecount="0" falsecount="2"/>
        <line num="108" count="0" type="stmt"/>
        <line num="110" count="0" type="stmt"/>
        <line num="115" count="11" type="stmt"/>
        <line num="116" count="4" type="stmt"/>
        <line num="117" count="4" type="stmt"/>
        <line num="118" count="4" type="stmt"/>
        <line num="120" count="4" type="cond" truecount="5" falsecount="0"/>
        <line num="121" count="1" type="stmt"/>
        <line num="122" count="1" type="stmt"/>
        <line num="123" count="1" type="stmt"/>
        <line num="124" count="1" type="stmt"/>
        <line num="126" count="4" type="stmt"/>
        <line num="129" count="11" type="stmt"/>
        <line num="130" count="8" type="cond" truecount="2" falsecount="0"/>
        <line num="132" count="3" type="stmt"/>
        <line num="133" count="3" type="stmt"/>
        <line num="136" count="11" type="stmt"/>
        <line num="142" count="2" type="stmt"/>
        <line num="143" count="2" type="stmt"/>
        <line num="144" count="2" type="stmt"/>
        <line num="145" count="2" type="stmt"/>
        <line num="146" count="2" type="stmt"/>
        <line num="147" count="2" type="stmt"/>
        <line num="148" count="2" type="cond" truecount="1" falsecount="1"/>
        <line num="149" count="0" type="stmt"/>
        <line num="153" count="11" type="stmt"/>
        <line num="154" count="0" type="stmt"/>
        <line num="157" count="11" type="stmt"/>
        <line num="158" count="0" type="stmt"/>
        <line num="161" count="11" type="stmt"/>
        <line num="180" count="1" type="stmt"/>
        <line num="181" count="13" type="stmt"/>
        <line num="182" count="13" type="cond" truecount="2" falsecount="0"/>
      </file>
    </package>
    <package name="models">
      <metrics statements="17" coveredstatements="17" conditionals="6" coveredconditionals="6" methods="3" coveredmethods="3"/>
      <file name="DisputeObjects.ts" path="C:\Users\junio\Desktop\capitec\card-dispute-portal\src\models\DisputeObjects.ts">
        <metrics statements="13" coveredstatements="13" conditionals="4" coveredconditionals="4" methods="2" coveredmethods="2"/>
        <line num="16" count="3" type="cond" truecount="2" falsecount="0"/>
        <line num="17" count="3" type="stmt"/>
        <line num="18" count="3" type="stmt"/>
        <line num="19" count="3" type="stmt"/>
        <line num="20" count="3" type="stmt"/>
        <line num="23" count="3" type="cond" truecount="2" falsecount="0"/>
        <line num="24" count="3" type="stmt"/>
        <line num="25" count="3" type="stmt"/>
        <line num="26" count="3" type="stmt"/>
        <line num="27" count="3" type="stmt"/>
        <line num="28" count="3" type="stmt"/>
        <line num="29" count="3" type="stmt"/>
        <line num="30" count="3" type="stmt"/>
      </file>
      <file name="TransactionObjects.ts" path="C:\Users\junio\Desktop\capitec\card-dispute-portal\src\models\TransactionObjects.ts">
        <metrics statements="4" coveredstatements="4" conditionals="2" coveredconditionals="2" methods="1" coveredmethods="1"/>
        <line num="16" count="3" type="cond" truecount="2" falsecount="0"/>
        <line num="17" count="3" type="stmt"/>
        <line num="18" count="3" type="stmt"/>
        <line num="19" count="3" type="stmt"/>
      </file>
    </package>
    <package name="pages.Disputes">
      <metrics statements="59" coveredstatements="40" conditionals="57" coveredconditionals="32" methods="15" coveredmethods="8"/>
      <file name="DisputeList.tsx" path="C:\Users\junio\Desktop\capitec\card-dispute-portal\src\pages\Disputes\DisputeList.tsx">
        <metrics statements="59" coveredstatements="40" conditionals="57" coveredconditionals="32" methods="15" coveredmethods="8"/>
        <line num="20" count="7" type="stmt"/>
        <line num="23" count="7" type="stmt"/>
        <line num="24" count="7" type="stmt"/>
        <line num="25" count="7" type="stmt"/>
        <line num="26" count="7" type="stmt"/>
        <line num="27" count="7" type="stmt"/>
        <line num="28" count="7" type="stmt"/>
        <line num="30" count="28" type="stmt"/>
        <line num="43" count="7" type="stmt"/>
        <line num="44" count="8" type="cond" truecount="1" falsecount="1"/>
        <line num="46" count="8" type="stmt"/>
        <line num="47" count="8" type="stmt"/>
        <line num="48" count="8" type="stmt"/>
        <line num="50" count="8" type="cond" truecount="3" falsecount="2"/>
        <line num="51" count="0" type="stmt"/>
        <line num="54" count="8" type="stmt"/>
        <line num="57" count="7" type="stmt"/>
        <line num="58" count="4" type="stmt"/>
        <line num="59" count="4" type="cond" truecount="1" falsecount="1"/>
        <line num="61" count="4" type="stmt"/>
        <line num="62" count="4" type="stmt"/>
        <line num="63" count="4" type="stmt"/>
        <line num="69" count="4" type="stmt"/>
        <line num="71" count="0" type="stmt"/>
        <line num="72" count="0" type="stmt"/>
        <line num="74" count="4" type="stmt"/>
        <line num="78" count="4" type="stmt"/>
        <line num="81" count="7" type="stmt"/>
        <line num="82" count="0" type="stmt"/>
        <line num="83" count="0" type="stmt"/>
        <line num="84" count="0" type="stmt"/>
        <line num="90" count="0" type="stmt"/>
        <line num="91" count="0" type="stmt"/>
        <line num="93" count="0" type="stmt"/>
        <line num="95" count="0" type="stmt"/>
        <line num="99" count="7" type="stmt"/>
        <line num="100" count="2" type="stmt"/>
        <line num="101" count="2" type="stmt"/>
        <line num="102" count="2" type="cond" truecount="2" falsecount="0"/>
        <line num="105" count="7" type="stmt"/>
        <line num="106" count="0" type="stmt"/>
        <line num="110" count="7" type="cond" truecount="2" falsecount="0"/>
        <line num="111" count="4" type="stmt"/>
        <line num="118" count="3" type="cond" truecount="1" falsecount="1"/>
        <line num="119" count="0" type="stmt"/>
        <line num="126" count="3" type="cond" truecount="2" falsecount="0"/>
        <line num="127" count="1" type="stmt"/>
        <line num="134" count="2" type="stmt"/>
        <line num="144" count="0" type="stmt"/>
        <line num="145" count="0" type="stmt"/>
        <line num="160" count="0" type="stmt"/>
        <line num="161" count="0" type="stmt"/>
        <line num="188" count="2" type="stmt"/>
        <line num="207" count="8" type="stmt"/>
        <line num="208" count="8" type="stmt"/>
        <line num="210" count="8" type="stmt"/>
        <line num="284" count="0" type="stmt"/>
        <line num="297" count="0" type="stmt"/>
        <line num="308" count="0" type="stmt"/>
      </file>
    </package>
    <package name="pages.Home">
      <metrics statements="68" coveredstatements="53" conditionals="25" coveredconditionals="18" methods="10" coveredmethods="7"/>
      <file name="Home.tsx" path="C:\Users\junio\Desktop\capitec\card-dispute-portal\src\pages\Home\Home.tsx">
        <metrics statements="68" coveredstatements="53" conditionals="25" coveredconditionals="18" methods="10" coveredmethods="7"/>
        <line num="22" count="14" type="stmt"/>
        <line num="25" count="14" type="stmt"/>
        <line num="27" count="14" type="stmt"/>
        <line num="28" count="14" type="stmt"/>
        <line num="29" count="14" type="stmt"/>
        <line num="30" count="14" type="stmt"/>
        <line num="31" count="14" type="stmt"/>
        <line num="32" count="14" type="stmt"/>
        <line num="33" count="14" type="stmt"/>
        <line num="34" count="14" type="stmt"/>
        <line num="35" count="14" type="stmt"/>
        <line num="37" count="14" type="stmt"/>
        <line num="38" count="5" type="stmt"/>
        <line num="39" count="5" type="cond" truecount="1" falsecount="1"/>
        <line num="41" count="5" type="stmt"/>
        <line num="42" count="5" type="stmt"/>
        <line num="43" count="5" type="stmt"/>
        <line num="44" count="5" type="stmt"/>
        <line num="51" count="5" type="stmt"/>
        <line num="53" count="0" type="stmt"/>
        <line num="54" count="0" type="stmt"/>
        <line num="55" count="0" type="stmt"/>
        <line num="57" count="5" type="stmt"/>
        <line num="61" count="5" type="cond" truecount="1" falsecount="1"/>
        <line num="62" count="5" type="stmt"/>
        <line num="66" count="14" type="stmt"/>
        <line num="67" count="0" type="stmt"/>
        <line num="68" count="0" type="stmt"/>
        <line num="69" count="0" type="stmt"/>
        <line num="76" count="0" type="stmt"/>
        <line num="77" count="0" type="stmt"/>
        <line num="79" count="0" type="stmt"/>
        <line num="81" count="0" type="stmt"/>
        <line num="85" count="14" type="stmt"/>
        <line num="87" count="1" type="cond" truecount="3" falsecount="1"/>
        <line num="88" count="1" type="stmt"/>
        <line num="89" count="1" type="stmt"/>
        <line num="90" count="1" type="stmt"/>
        <line num="92" count="1" type="cond" truecount="1" falsecount="1"/>
        <line num="93" count="1" type="stmt"/>
        <line num="94" count="1" type="stmt"/>
        <line num="95" count="1" type="stmt"/>
        <line num="102" count="1" type="stmt"/>
        <line num="104" count="0" type="stmt"/>
        <line num="106" count="1" type="stmt"/>
        <line num="111" count="14" type="stmt"/>
        <line num="112" count="2" type="stmt"/>
        <line num="115" count="14" type="stmt"/>
        <line num="116" count="1" type="cond" truecount="4" falsecount="1"/>
        <line num="117" count="1" type="stmt"/>
        <line num="118" count="1" type="stmt"/>
        <line num="120" count="1" type="stmt"/>
        <line num="129" count="1" type="stmt"/>
        <line num="131" count="1" type="stmt"/>
        <line num="132" count="1" type="stmt"/>
        <line num="135" count="1" type="cond" truecount="1" falsecount="1"/>
        <line num="140" count="1" type="stmt"/>
        <line num="141" count="1" type="stmt"/>
        <line num="142" count="1" type="stmt"/>
        <line num="144" count="0" type="stmt"/>
        <line num="145" count="0" type="stmt"/>
        <line num="147" count="1" type="stmt"/>
        <line num="152" count="14" type="cond" truecount="2" falsecount="0"/>
        <line num="153" count="7" type="stmt"/>
        <line num="160" count="7" type="cond" truecount="1" falsecount="1"/>
        <line num="161" count="0" type="stmt"/>
        <line num="168" count="7" type="stmt"/>
        <line num="182" count="0" type="stmt"/>
      </file>
    </package>
    <package name="pages.Login">
      <metrics statements="31" coveredstatements="29" conditionals="12" coveredconditionals="10" methods="6" coveredmethods="5"/>
      <file name="Login.tsx" path="C:\Users\junio\Desktop\capitec\card-dispute-portal\src\pages\Login\Login.tsx">
        <metrics statements="31" coveredstatements="29" conditionals="12" coveredconditionals="10" methods="6" coveredmethods="5"/>
        <line num="6" count="19" type="stmt"/>
        <line num="7" count="19" type="stmt"/>
        <line num="8" count="19" type="stmt"/>
        <line num="9" count="19" type="stmt"/>
        <line num="10" count="19" type="stmt"/>
        <line num="11" count="19" type="stmt"/>
        <line num="12" count="19" type="stmt"/>
        <line num="14" count="19" type="stmt"/>
        <line num="15" count="4" type="stmt"/>
        <line num="16" count="4" type="stmt"/>
        <line num="17" count="4" type="stmt"/>
        <line num="19" count="4" type="stmt"/>
        <line num="20" count="4" type="stmt"/>
        <line num="21" count="3" type="stmt"/>
        <line num="23" count="1" type="stmt"/>
        <line num="25" count="4" type="stmt"/>
        <line num="29" count="19" type="stmt"/>
        <line num="30" count="1" type="stmt"/>
        <line num="31" count="1" type="stmt"/>
        <line num="32" count="1" type="stmt"/>
        <line num="34" count="1" type="stmt"/>
        <line num="35" count="1" type="stmt"/>
        <line num="36" count="1" type="stmt"/>
        <line num="42" count="1" type="stmt"/>
        <line num="44" count="0" type="stmt"/>
        <line num="46" count="1" type="stmt"/>
        <line num="50" count="19" type="stmt"/>
        <line num="68" count="4" type="stmt"/>
        <line num="96" count="1" type="stmt"/>
        <line num="97" count="1" type="stmt"/>
        <line num="116" count="0" type="stmt"/>
      </file>
    </package>
    <package name="services">
      <metrics statements="16" coveredstatements="3" conditionals="5" coveredconditionals="0" methods="6" coveredmethods="0"/>
      <file name="api.ts" path="C:\Users\junio\Desktop\capitec\card-dispute-portal\src\services\api.ts">
        <metrics statements="11" coveredstatements="2" conditionals="5" coveredconditionals="0" methods="2" coveredmethods="0"/>
        <line num="1" count="5" type="stmt"/>
        <line num="5" count="0" type="stmt"/>
        <line num="8" count="0" type="stmt"/>
        <line num="9" count="0" type="stmt"/>
        <line num="13" count="5" type="stmt"/>
        <line num="17" count="0" type="stmt"/>
        <line num="19" count="0" type="stmt"/>
        <line num="28" count="0" type="stmt"/>
        <line num="30" count="0" type="cond" truecount="0" falsecount="2"/>
        <line num="31" count="0" type="stmt"/>
        <line num="34" count="0" type="stmt"/>
      </file>
      <file name="authService.ts" path="C:\Users\junio\Desktop\capitec\card-dispute-portal\src\services\authService.ts">
        <metrics statements="5" coveredstatements="1" conditionals="0" coveredconditionals="0" methods="4" coveredmethods="0"/>
        <line num="8" count="5" type="stmt"/>
        <line num="9" count="0" type="stmt"/>
        <line num="15" count="0" type="stmt"/>
        <line num="24" count="0" type="stmt"/>
        <line num="30" count="0" type="stmt"/>
      </file>
    </package>
    <package name="utils">
      <metrics statements="15" coveredstatements="15" conditionals="14" coveredconditionals="6" methods="5" coveredmethods="5"/>
      <file name="navigation.ts" path="C:\Users\junio\Desktop\capitec\card-dispute-portal\src\utils\navigation.ts">
        <metrics statements="15" coveredstatements="15" conditionals="14" coveredconditionals="6" methods="5" coveredmethods="5"/>
        <line num="3" count="4" type="stmt"/>
        <line num="4" count="4" type="cond" truecount="1" falsecount="1"/>
        <line num="6" count="4" type="stmt"/>
        <line num="7" count="1" type="stmt"/>
        <line num="8" count="4" type="cond" truecount="1" falsecount="1"/>
        <line num="10" count="4" type="stmt"/>
        <line num="11" count="1" type="stmt"/>
        <line num="12" count="4" type="cond" truecount="1" falsecount="1"/>
        <line num="14" count="4" type="stmt"/>
        <line num="15" count="1" type="stmt"/>
        <line num="16" count="4" type="cond" truecount="1" falsecount="1"/>
        <line num="18" count="4" type="stmt"/>
        <line num="19" count="1" type="stmt"/>
        <line num="20" count="4" type="cond" truecount="2" falsecount="4"/>
        <line num="22" count="4" type="stmt"/>
      </file>
    </package>
  </project>
</coverage>
