{"C:\\Users\\junio\\Desktop\\capitec\\card-dispute-portal\\src\\components\\DisputeForm.tsx": {"path":"C:\\Users\\junio\\Desktop\\capitec\\card-dispute-portal\\src\\components\\DisputeForm.tsx","statementMap":{"0":{"start":{"line":12,"column":22},"end":{"line":12,"column":null}},"1":{"start":{"line":19,"column":15},"end":{"line":19,"column":36}},"2":{"start":{"line":19,"column":36},"end":{"line":19,"column":null}},"3":{"start":{"line":23,"column":8},"end":{"line":29,"column":5}},"4":{"start":{"line":24,"column":60},"end":{"line":29,"column":3}},"5":{"start":{"line":29,"column":3},"end":{"line":29,"column":5}},"6":{"start":{"line":24,"column":2},"end":{"line":29,"column":5}},"7":{"start":{"line":29,"column":5},"end":{"line":32,"column":71}},"8":{"start":{"line":32,"column":4},"end":{"line":32,"column":70}},"9":{"start":{"line":32,"column":70},"end":{"line":32,"column":71}},"10":{"start":{"line":32,"column":4},"end":{"line":32,"column":12}},"11":{"start":{"line":32,"column":71},"end":{"line":37,"column":4}},"12":{"start":{"line":34,"column":27},"end":{"line":36,"column":null}},"13":{"start":{"line":35,"column":18},"end":{"line":35,"column":null}},"14":{"start":{"line":36,"column":4},"end":{"line":36,"column":54}},"15":{"start":{"line":37,"column":3},"end":{"line":37,"column":4}},"16":{"start":{"line":34,"column":27},"end":{"line":34,"column":null}},"17":{"start":{"line":37,"column":4},"end":{"line":44,"column":4}},"18":{"start":{"line":39,"column":23},"end":{"line":43,"column":null}},"19":{"start":{"line":40,"column":4},"end":{"line":40,"column":null}},"20":{"start":{"line":41,"column":4},"end":{"line":42,"column":null}},"21":{"start":{"line":42,"column":6},"end":{"line":42,"column":24}},"22":{"start":{"line":44,"column":3},"end":{"line":44,"column":4}},"23":{"start":{"line":39,"column":23},"end":{"line":39,"column":null}},"24":{"start":{"line":44,"column":4},"end":{"line":48,"column":null}},"25":{"start":{"line":48,"column":6},"end":{"line":48,"column":63}},"26":{"start":{"line":48,"column":63},"end":{"line":48,"column":null}},"27":{"start":{"line":48,"column":63},"end":{"line":53,"column":null}},"28":{"start":{"line":51,"column":10},"end":{"line":53,"column":18}},"29":{"start":{"line":53,"column":18},"end":{"line":53,"column":null}},"30":{"start":{"line":53,"column":18},"end":{"line":55,"column":null}},"31":{"start":{"line":50,"column":8},"end":{"line":55,"column":14}},"32":{"start":{"line":55,"column":14},"end":{"line":55,"column":null}},"33":{"start":{"line":55,"column":14},"end":{"line":59,"column":null}},"34":{"start":{"line":57,"column":10},"end":{"line":59,"column":18}},"35":{"start":{"line":59,"column":18},"end":{"line":59,"column":null}},"36":{"start":{"line":59,"column":18},"end":{"line":61,"column":null}},"37":{"start":{"line":56,"column":8},"end":{"line":61,"column":14}},"38":{"start":{"line":61,"column":14},"end":{"line":61,"column":null}},"39":{"start":{"line":61,"column":14},"end":{"line":65,"column":null}},"40":{"start":{"line":63,"column":10},"end":{"line":65,"column":18}},"41":{"start":{"line":65,"column":18},"end":{"line":65,"column":null}},"42":{"start":{"line":65,"column":18},"end":{"line":67,"column":null}},"43":{"start":{"line":62,"column":8},"end":{"line":67,"column":14}},"44":{"start":{"line":67,"column":14},"end":{"line":67,"column":null}},"45":{"start":{"line":67,"column":14},"end":{"line":71,"column":null}},"46":{"start":{"line":69,"column":10},"end":{"line":71,"column":18}},"47":{"start":{"line":71,"column":18},"end":{"line":71,"column":null}},"48":{"start":{"line":71,"column":18},"end":{"line":72,"column":69}},"49":{"start":{"line":72,"column":39},"end":{"line":72,"column":68}},"50":{"start":{"line":72,"column":68},"end":{"line":72,"column":69}},"51":{"start":{"line":72,"column":68},"end":{"line":73,"column":null}},"52":{"start":{"line":68,"column":8},"end":{"line":73,"column":14}},"53":{"start":{"line":73,"column":14},"end":{"line":73,"column":null}},"54":{"start":{"line":73,"column":14},"end":{"line":77,"column":null}},"55":{"start":{"line":75,"column":10},"end":{"line":77,"column":18}},"56":{"start":{"line":77,"column":18},"end":{"line":77,"column":null}},"57":{"start":{"line":77,"column":18},"end":{"line":79,"column":null}},"58":{"start":{"line":79,"column":13},"end":{"line":79,"column":60}},"59":{"start":{"line":79,"column":60},"end":{"line":79,"column":null}},"60":{"start":{"line":79,"column":60},"end":{"line":81,"column":null}},"61":{"start":{"line":74,"column":8},"end":{"line":81,"column":14}},"62":{"start":{"line":81,"column":14},"end":{"line":81,"column":null}},"63":{"start":{"line":81,"column":14},"end":{"line":82,"column":null}},"64":{"start":{"line":49,"column":6},"end":{"line":82,"column":12}},"65":{"start":{"line":82,"column":12},"end":{"line":82,"column":null}},"66":{"start":{"line":82,"column":12},"end":{"line":87,"column":null}},"67":{"start":{"line":85,"column":10},"end":{"line":87,"column":18}},"68":{"start":{"line":87,"column":18},"end":{"line":87,"column":null}},"69":{"start":{"line":91,"column":19},"end":{"line":91,"column":38}},"70":{"start":{"line":91,"column":38},"end":{"line":96,"column":null}},"71":{"start":{"line":92,"column":22},"end":{"line":96,"column":16}},"72":{"start":{"line":93,"column":14},"end":{"line":96,"column":16}},"73":{"start":{"line":96,"column":16},"end":{"line":96,"column":null}},"74":{"start":{"line":96,"column":16},"end":{"line":105,"column":null}},"75":{"start":{"line":100,"column":12},"end":{"line":100,"column":null}},"76":{"start":{"line":101,"column":13},"end":{"line":105,"column":14}},"77":{"start":{"line":105,"column":14},"end":{"line":105,"column":null}},"78":{"start":{"line":105,"column":14},"end":{"line":107,"column":null}},"79":{"start":{"line":84,"column":8},"end":{"line":107,"column":14}},"80":{"start":{"line":107,"column":14},"end":{"line":107,"column":null}},"81":{"start":{"line":107,"column":14},"end":{"line":111,"column":null}},"82":{"start":{"line":109,"column":10},"end":{"line":111,"column":18}},"83":{"start":{"line":111,"column":18},"end":{"line":111,"column":null}},"84":{"start":{"line":111,"column":18},"end":{"line":116,"column":null}},"85":{"start":{"line":115,"column":22},"end":{"line":116,"column":67}},"86":{"start":{"line":116,"column":14},"end":{"line":116,"column":67}},"87":{"start":{"line":116,"column":67},"end":{"line":116,"column":null}},"88":{"start":{"line":116,"column":67},"end":{"line":123,"column":null}},"89":{"start":{"line":108,"column":8},"end":{"line":123,"column":14}},"90":{"start":{"line":123,"column":14},"end":{"line":123,"column":null}},"91":{"start":{"line":123,"column":14},"end":{"line":134,"column":null}},"92":{"start":{"line":129,"column":22},"end":{"line":134,"column":16}},"93":{"start":{"line":130,"column":14},"end":{"line":134,"column":16}},"94":{"start":{"line":134,"column":16},"end":{"line":134,"column":null}},"95":{"start":{"line":134,"column":16},"end":{"line":136,"column":null}},"96":{"start":{"line":125,"column":10},"end":{"line":134,"column":null}},"97":{"start":{"line":136,"column":12},"end":{"line":136,"column":null}},"98":{"start":{"line":136,"column":12},"end":{"line":139,"column":null}},"99":{"start":{"line":137,"column":10},"end":{"line":139,"column":18}},"100":{"start":{"line":139,"column":18},"end":{"line":139,"column":null}},"101":{"start":{"line":139,"column":18},"end":{"line":140,"column":null}},"102":{"start":{"line":124,"column":8},"end":{"line":140,"column":14}},"103":{"start":{"line":140,"column":14},"end":{"line":140,"column":null}},"104":{"start":{"line":140,"column":14},"end":{"line":160,"column":null}},"105":{"start":{"line":141,"column":9},"end":{"line":159,"column":null}},"106":{"start":{"line":160,"column":9},"end":{"line":160,"column":null}},"107":{"start":{"line":165,"column":22},"end":{"line":165,"column":30}},"108":{"start":{"line":165,"column":30},"end":{"line":168,"column":null}},"109":{"start":{"line":162,"column":10},"end":{"line":168,"column":19}},"110":{"start":{"line":168,"column":19},"end":{"line":168,"column":null}},"111":{"start":{"line":168,"column":19},"end":{"line":175,"column":null}},"112":{"start":{"line":169,"column":10},"end":{"line":175,"column":19}},"113":{"start":{"line":175,"column":19},"end":{"line":175,"column":null}},"114":{"start":{"line":175,"column":19},"end":{"line":176,"column":null}},"115":{"start":{"line":161,"column":8},"end":{"line":176,"column":14}},"116":{"start":{"line":176,"column":14},"end":{"line":176,"column":null}},"117":{"start":{"line":176,"column":14},"end":{"line":177,"column":null}},"118":{"start":{"line":83,"column":6},"end":{"line":177,"column":13}},"119":{"start":{"line":177,"column":13},"end":{"line":177,"column":null}},"120":{"start":{"line":177,"column":13},"end":{"line":178,"column":null}},"121":{"start":{"line":47,"column":4},"end":{"line":178,"column":10}},"122":{"start":{"line":178,"column":10},"end":{"line":178,"column":null}},"123":{"start":{"line":178,"column":10},"end":{"line":47,"column":19}},"124":{"start":{"line":19,"column":15},"end":{"line":155,"column":46}},"125":{"start":{"line":101,"column":48},"end":{"line":101,"column":62}},"126":{"start":{"line":101,"column":62},"end":{"line":104,"column":23}}},"fnMap":{"0":{"name":"DisputeForm","decl":{"start":{"line":19,"column":15},"end":{"line":19,"column":36}},"loc":{"start":{"line":19,"column":15},"end":{"line":178,"column":null}},"line":19},"1":{"name":"(anonymous_1)","decl":{"start":{"line":34,"column":27},"end":{"line":34,"column":null}},"loc":{"start":{"line":34,"column":27},"end":{"line":36,"column":null}},"line":34},"2":{"name":"(anonymous_2)","decl":{"start":{"line":39,"column":23},"end":{"line":39,"column":null}},"loc":{"start":{"line":39,"column":23},"end":{"line":43,"column":null}},"line":39},"3":{"name":"(anonymous_3)","decl":{"start":{"line":92,"column":22},"end":{"line":92,"column":null}},"loc":{"start":{"line":93,"column":14},"end":{"line":96,"column":16}},"line":93},"4":{"name":"(anonymous_4)","decl":{"start":{"line":115,"column":22},"end":{"line":115,"column":null}},"loc":{"start":{"line":116,"column":14},"end":{"line":116,"column":67}},"line":116},"5":{"name":"(anonymous_5)","decl":{"start":{"line":129,"column":22},"end":{"line":129,"column":null}},"loc":{"start":{"line":130,"column":14},"end":{"line":134,"column":16}},"line":130}},"branchMap":{"0":{"loc":{"start":{"line":23,"column":8},"end":{"line":29,"column":5}},"type":"if","locations":[{"start":{"line":23,"column":8},"end":{"line":29,"column":5}},{"start":{"line":29,"column":3},"end":{"line":29,"column":5}}],"line":23},"1":{"loc":{"start":{"line":29,"column":5},"end":{"line":32,"column":71}},"type":"if","locations":[{"start":{"line":29,"column":5},"end":{"line":32,"column":71}},{"start":{"line":32,"column":70},"end":{"line":32,"column":71}}],"line":29},"2":{"loc":{"start":{"line":29,"column":5},"end":{"line":29,"column":null}},"type":"binary-expr","locations":[{"start":{"line":29,"column":5},"end":{"line":29,"column":null}},{"start":{"line":29,"column":5},"end":{"line":29,"column":null}}],"line":29},"3":{"loc":{"start":{"line":32,"column":4},"end":{"line":32,"column":70}},"type":"binary-expr","locations":[{"start":{"line":32,"column":4},"end":{"line":32,"column":34}},{"start":{"line":32,"column":34},"end":{"line":32,"column":70}}],"line":32},"4":{"loc":{"start":{"line":32,"column":71},"end":{"line":37,"column":4}},"type":"if","locations":[{"start":{"line":32,"column":71},"end":{"line":37,"column":4}},{"start":{"line":37,"column":3},"end":{"line":37,"column":4}}],"line":32},"5":{"loc":{"start":{"line":35,"column":29},"end":{"line":35,"column":30}},"type":"binary-expr","locations":[{"start":{"line":35,"column":29},"end":{"line":35,"column":49}},{"start":{"line":35,"column":29},"end":{"line":35,"column":30}}],"line":35},"6":{"loc":{"start":{"line":37,"column":4},"end":{"line":44,"column":4}},"type":"if","locations":[{"start":{"line":37,"column":4},"end":{"line":44,"column":4}},{"start":{"line":44,"column":3},"end":{"line":44,"column":4}}],"line":37},"7":{"loc":{"start":{"line":37,"column":4},"end":{"line":37,"column":null}},"type":"binary-expr","locations":[{"start":{"line":37,"column":4},"end":{"line":37,"column":null}},{"start":{"line":37,"column":4},"end":{"line":37,"column":null}},{"start":{"line":37,"column":4},"end":{"line":37,"column":null}}],"line":37},"8":{"loc":{"start":{"line":41,"column":4},"end":{"line":42,"column":null}},"type":"if","locations":[{"start":{"line":41,"column":4},"end":{"line":42,"column":null}},{"start":{},"end":{}}],"line":41},"9":{"loc":{"start":{"line":44,"column":4},"end":{"line":48,"column":null}},"type":"if","locations":[{"start":{"line":44,"column":4},"end":{"line":48,"column":null}},{"start":{"line":48,"column":63},"end":{"line":48,"column":null}}],"line":44},"10":{"loc":{"start":{"line":48,"column":63},"end":{"line":53,"column":null}},"type":"if","locations":[{"start":{"line":48,"column":63},"end":{"line":53,"column":null}},{"start":{"line":53,"column":18},"end":{"line":53,"column":null}}],"line":48},"11":{"loc":{"start":{"line":53,"column":18},"end":{"line":55,"column":null}},"type":"if","locations":[{"start":{"line":53,"column":18},"end":{"line":55,"column":null}},{"start":{"line":55,"column":14},"end":{"line":55,"column":null}}],"line":53},"12":{"loc":{"start":{"line":55,"column":14},"end":{"line":59,"column":null}},"type":"if","locations":[{"start":{"line":55,"column":14},"end":{"line":59,"column":null}},{"start":{"line":59,"column":18},"end":{"line":59,"column":null}}],"line":55},"13":{"loc":{"start":{"line":59,"column":18},"end":{"line":61,"column":null}},"type":"if","locations":[{"start":{"line":59,"column":18},"end":{"line":61,"column":null}},{"start":{"line":61,"column":14},"end":{"line":61,"column":null}}],"line":59},"14":{"loc":{"start":{"line":61,"column":14},"end":{"line":65,"column":null}},"type":"if","locations":[{"start":{"line":61,"column":14},"end":{"line":65,"column":null}},{"start":{"line":65,"column":18},"end":{"line":65,"column":null}}],"line":61},"15":{"loc":{"start":{"line":65,"column":18},"end":{"line":67,"column":null}},"type":"if","locations":[{"start":{"line":65,"column":18},"end":{"line":67,"column":null}},{"start":{"line":67,"column":14},"end":{"line":67,"column":null}}],"line":65},"16":{"loc":{"start":{"line":67,"column":14},"end":{"line":71,"column":null}},"type":"if","locations":[{"start":{"line":67,"column":14},"end":{"line":71,"column":null}},{"start":{"line":71,"column":18},"end":{"line":71,"column":null}}],"line":67},"17":{"loc":{"start":{"line":71,"column":18},"end":{"line":72,"column":69}},"type":"if","locations":[{"start":{"line":71,"column":18},"end":{"line":72,"column":69}},{"start":{"line":72,"column":68},"end":{"line":72,"column":69}}],"line":71},"18":{"loc":{"start":{"line":72,"column":68},"end":{"line":73,"column":null}},"type":"if","locations":[{"start":{"line":72,"column":68},"end":{"line":73,"column":null}},{"start":{"line":73,"column":14},"end":{"line":73,"column":null}}],"line":72},"19":{"loc":{"start":{"line":73,"column":14},"end":{"line":77,"column":null}},"type":"if","locations":[{"start":{"line":73,"column":14},"end":{"line":77,"column":null}},{"start":{"line":77,"column":18},"end":{"line":77,"column":null}}],"line":73},"20":{"loc":{"start":{"line":77,"column":18},"end":{"line":79,"column":null}},"type":"if","locations":[{"start":{"line":77,"column":18},"end":{"line":79,"column":null}},{"start":{"line":79,"column":60},"end":{"line":79,"column":null}}],"line":77},"21":{"loc":{"start":{"line":79,"column":60},"end":{"line":81,"column":null}},"type":"if","locations":[{"start":{"line":79,"column":60},"end":{"line":81,"column":null}},{"start":{"line":81,"column":14},"end":{"line":81,"column":null}}],"line":79},"22":{"loc":{"start":{"line":81,"column":14},"end":{"line":82,"column":null}},"type":"if","locations":[{"start":{"line":81,"column":14},"end":{"line":82,"column":null}},{"start":{"line":82,"column":12},"end":{"line":82,"column":null}}],"line":81},"23":{"loc":{"start":{"line":81,"column":14},"end":{"line":81,"column":null}},"type":"binary-expr","locations":[{"start":{"line":81,"column":14},"end":{"line":81,"column":null}},{"start":{"line":81,"column":14},"end":{"line":81,"column":null}},{"start":{"line":81,"column":14},"end":{"line":81,"column":null}},{"start":{"line":81,"column":14},"end":{"line":81,"column":null}},{"start":{"line":81,"column":14},"end":{"line":81,"column":null}}],"line":81},"24":{"loc":{"start":{"line":82,"column":12},"end":{"line":87,"column":null}},"type":"if","locations":[{"start":{"line":82,"column":12},"end":{"line":87,"column":null}},{"start":{"line":87,"column":18},"end":{"line":87,"column":null}}],"line":82},"25":{"loc":{"start":{"line":91,"column":38},"end":{"line":96,"column":null}},"type":"if","locations":[{"start":{"line":91,"column":38},"end":{"line":96,"column":null}},{"start":{"line":96,"column":16},"end":{"line":96,"column":null}}],"line":91},"26":{"loc":{"start":{"line":96,"column":16},"end":{"line":105,"column":null}},"type":"if","locations":[{"start":{"line":96,"column":16},"end":{"line":105,"column":null}},{"start":{"line":105,"column":14},"end":{"line":105,"column":null}}],"line":96},"27":{"loc":{"start":{"line":105,"column":14},"end":{"line":107,"column":null}},"type":"if","locations":[{"start":{"line":105,"column":14},"end":{"line":107,"column":null}},{"start":{"line":107,"column":14},"end":{"line":107,"column":null}}],"line":105},"28":{"loc":{"start":{"line":105,"column":14},"end":{"line":105,"column":null}},"type":"binary-expr","locations":[{"start":{"line":105,"column":14},"end":{"line":105,"column":null}},{"start":{"line":105,"column":14},"end":{"line":105,"column":null}}],"line":105},"29":{"loc":{"start":{"line":107,"column":14},"end":{"line":111,"column":null}},"type":"if","locations":[{"start":{"line":107,"column":14},"end":{"line":111,"column":null}},{"start":{"line":111,"column":18},"end":{"line":111,"column":null}}],"line":107},"30":{"loc":{"start":{"line":111,"column":18},"end":{"line":116,"column":null}},"type":"if","locations":[{"start":{"line":111,"column":18},"end":{"line":116,"column":null}},{"start":{"line":116,"column":67},"end":{"line":116,"column":null}}],"line":111},"31":{"loc":{"start":{"line":116,"column":67},"end":{"line":123,"column":null}},"type":"if","locations":[{"start":{"line":116,"column":67},"end":{"line":123,"column":null}},{"start":{"line":123,"column":14},"end":{"line":123,"column":null}}],"line":116},"32":{"loc":{"start":{"line":116,"column":67},"end":{"line":116,"column":null}},"type":"binary-expr","locations":[{"start":{"line":116,"column":67},"end":{"line":116,"column":null}},{"start":{"line":116,"column":67},"end":{"line":116,"column":null}}],"line":116},"33":{"loc":{"start":{"line":123,"column":14},"end":{"line":134,"column":null}},"type":"if","locations":[{"start":{"line":123,"column":14},"end":{"line":134,"column":null}},{"start":{"line":134,"column":16},"end":{"line":134,"column":null}}],"line":123},"34":{"loc":{"start":{"line":134,"column":16},"end":{"line":136,"column":null}},"type":"if","locations":[{"start":{"line":134,"column":16},"end":{"line":136,"column":null}},{"start":{"line":136,"column":12},"end":{"line":136,"column":null}}],"line":134},"35":{"loc":{"start":{"line":134,"column":16},"end":{"line":134,"column":null}},"type":"binary-expr","locations":[{"start":{"line":134,"column":16},"end":{"line":134,"column":null}},{"start":{"line":134,"column":16},"end":{"line":134,"column":null}}],"line":134},"36":{"loc":{"start":{"line":136,"column":12},"end":{"line":139,"column":null}},"type":"if","locations":[{"start":{"line":136,"column":12},"end":{"line":139,"column":null}},{"start":{"line":139,"column":18},"end":{"line":139,"column":null}}],"line":136},"37":{"loc":{"start":{"line":139,"column":18},"end":{"line":140,"column":null}},"type":"if","locations":[{"start":{"line":139,"column":18},"end":{"line":140,"column":null}},{"start":{"line":140,"column":14},"end":{"line":140,"column":null}}],"line":139},"38":{"loc":{"start":{"line":140,"column":14},"end":{"line":160,"column":null}},"type":"if","locations":[{"start":{"line":140,"column":14},"end":{"line":160,"column":null}},{"start":{"line":160,"column":9},"end":{"line":160,"column":null}}],"line":140},"39":{"loc":{"start":{"line":140,"column":14},"end":{"line":140,"column":null}},"type":"binary-expr","locations":[{"start":{"line":140,"column":14},"end":{"line":140,"column":null}},{"start":{"line":140,"column":14},"end":{"line":140,"column":null}},{"start":{"line":140,"column":14},"end":{"line":140,"column":null}}],"line":140},"40":{"loc":{"start":{"line":141,"column":9},"end":{"line":159,"column":null}},"type":"binary-expr","locations":[{"start":{"line":141,"column":9},"end":{"line":141,"column":null}},{"start":{"line":142,"column":10},"end":{"line":159,"column":null}}],"line":141},"41":{"loc":{"start":{"line":152,"column":13},"end":{"line":157,"column":null}},"type":"binary-expr","locations":[{"start":{"line":152,"column":13},"end":{"line":152,"column":39}},{"start":{"line":152,"column":39},"end":{"line":152,"column":null}},{"start":{"line":153,"column":14},"end":{"line":157,"column":null}}],"line":152},"42":{"loc":{"start":{"line":165,"column":30},"end":{"line":168,"column":null}},"type":"if","locations":[{"start":{"line":165,"column":30},"end":{"line":168,"column":null}},{"start":{"line":168,"column":19},"end":{"line":168,"column":null}}],"line":165},"43":{"loc":{"start":{"line":168,"column":19},"end":{"line":175,"column":null}},"type":"if","locations":[{"start":{"line":168,"column":19},"end":{"line":175,"column":null}},{"start":{"line":175,"column":19},"end":{"line":175,"column":null}}],"line":168},"44":{"loc":{"start":{"line":175,"column":19},"end":{"line":176,"column":null}},"type":"if","locations":[{"start":{"line":175,"column":19},"end":{"line":176,"column":null}},{"start":{"line":176,"column":14},"end":{"line":176,"column":null}}],"line":175},"45":{"loc":{"start":{"line":175,"column":19},"end":{"line":175,"column":null}},"type":"binary-expr","locations":[{"start":{"line":175,"column":19},"end":{"line":175,"column":null}},{"start":{"line":175,"column":19},"end":{"line":175,"column":null}}],"line":175},"46":{"loc":{"start":{"line":176,"column":14},"end":{"line":177,"column":null}},"type":"if","locations":[{"start":{"line":176,"column":14},"end":{"line":177,"column":null}},{"start":{"line":177,"column":13},"end":{"line":177,"column":null}}],"line":176},"47":{"loc":{"start":{"line":176,"column":14},"end":{"line":176,"column":null}},"type":"binary-expr","locations":[{"start":{"line":176,"column":14},"end":{"line":176,"column":null}},{"start":{"line":176,"column":14},"end":{"line":176,"column":null}},{"start":{"line":176,"column":14},"end":{"line":176,"column":null}},{"start":{"line":176,"column":14},"end":{"line":176,"column":null}},{"start":{"line":176,"column":14},"end":{"line":176,"column":null}},{"start":{"line":176,"column":14},"end":{"line":176,"column":null}}],"line":176},"48":{"loc":{"start":{"line":177,"column":13},"end":{"line":178,"column":null}},"type":"if","locations":[{"start":{"line":177,"column":13},"end":{"line":178,"column":null}},{"start":{"line":178,"column":10},"end":{"line":178,"column":null}}],"line":177},"49":{"loc":{"start":{"line":177,"column":13},"end":{"line":177,"column":null}},"type":"binary-expr","locations":[{"start":{"line":177,"column":13},"end":{"line":177,"column":null}},{"start":{"line":177,"column":13},"end":{"line":177,"column":null}}],"line":177}},"s":{"0":2,"1":18,"2":18,"3":18,"4":9,"5":9,"6":18,"7":18,"8":14,"9":4,"10":18,"11":18,"12":18,"13":1,"14":1,"15":0,"16":18,"17":18,"18":18,"19":1,"20":1,"21":1,"22":0,"23":18,"24":18,"25":9,"26":9,"27":18,"28":9,"29":9,"30":18,"31":9,"32":9,"33":18,"34":9,"35":9,"36":18,"37":9,"38":9,"39":18,"40":9,"41":9,"42":18,"43":9,"44":9,"45":18,"46":9,"47":9,"48":18,"49":9,"50":9,"51":18,"52":9,"53":9,"54":18,"55":9,"56":9,"57":18,"58":9,"59":9,"60":18,"61":9,"62":9,"63":18,"64":9,"65":9,"66":18,"67":9,"68":9,"69":18,"70":18,"71":18,"72":3,"73":0,"74":18,"75":9,"76":9,"77":9,"78":18,"79":18,"80":0,"81":18,"82":9,"83":9,"84":18,"85":18,"86":3,"87":0,"88":18,"89":18,"90":0,"91":18,"92":18,"93":2,"94":0,"95":18,"96":18,"97":0,"98":18,"99":9,"100":9,"101":18,"102":18,"103":0,"104":18,"105":18,"106":0,"107":18,"108":18,"109":11,"110":7,"111":18,"112":9,"113":9,"114":18,"115":11,"116":7,"117":18,"118":18,"119":0,"120":18,"121":18,"122":0,"123":18,"124":1,"125":63,"126":63},"f":{"0":82,"1":1,"2":1,"3":3,"4":3,"5":2},"b":{"0":[9,9],"1":[14,4],"2":[18,6],"3":[14,4],"4":[18,0],"5":[1,0],"6":[18,0],"7":[18,0,0],"8":[1,0],"9":[9,9],"10":[9,9],"11":[9,9],"12":[9,9],"13":[9,9],"14":[9,9],"15":[9,9],"16":[9,9],"17":[9,9],"18":[9,9],"19":[9,9],"20":[9,9],"21":[9,9],"22":[9,9],"23":[18,9,9,9,9],"24":[9,9],"25":[18,0],"26":[9,9],"27":[18,0],"28":[18,7],"29":[9,9],"30":[18,0],"31":[18,0],"32":[18,6],"33":[18,0],"34":[18,0],"35":[18,7],"36":[9,9],"37":[18,0],"38":[18,0],"39":[18,7,6],"40":[18,3],"41":[3,3,1],"42":[11,7],"43":[9,9],"44":[11,7],"45":[18,7],"46":[18,0],"47":[18,0,0,0,0,0],"48":[18,0],"49":[18,9]},"meta":{"lastBranch":50,"lastFunction":6,"lastStatement":127,"seen":{"s:12:22:12:Infinity":0,"f:19:15:19:36":0,"s:19:15:19:36":1,"s:19:36:19:Infinity":2,"b:23:8:29:5:29:3:29:5":0,"s:23:8:29:5":3,"s:24:60:29:3":4,"s:29:3:29:5":5,"s:24:2:29:5":6,"b:29:5:32:71:32:70:32:71":1,"s:29:5:32:71":7,"b:29:5:29:Infinity:29:5:29:Infinity":2,"s:32:4:32:70":8,"b:32:4:32:34:32:34:32:70":3,"s:32:70:32:71":9,"s:32:4:32:12":10,"b:32:71:37:4:37:3:37:4":4,"s:32:71:37:4":11,"s:34:27:36:Infinity":12,"f:34:27:34:Infinity":1,"s:35:18:35:Infinity":13,"b:35:29:35:49:35:29:35:30":5,"s:36:4:36:54":14,"s:37:3:37:4":15,"s:34:27:34:Infinity":16,"b:37:4:44:4:44:3:44:4":6,"s:37:4:44:4":17,"b:37:4:37:Infinity:37:4:37:Infinity:37:4:37:Infinity":7,"s:39:23:43:Infinity":18,"f:39:23:39:Infinity":2,"s:40:4:40:Infinity":19,"b:41:4:42:Infinity:undefined:undefined:undefined:undefined":8,"s:41:4:42:Infinity":20,"s:42:6:42:24":21,"s:44:3:44:4":22,"s:39:23:39:Infinity":23,"b:44:4:48:Infinity:48:63:48:Infinity":9,"s:44:4:48:Infinity":24,"s:48:6:48:63":25,"s:48:63:48:Infinity":26,"b:48:63:53:Infinity:53:18:53:Infinity":10,"s:48:63:53:Infinity":27,"s:51:10:53:18":28,"s:53:18:53:Infinity":29,"b:53:18:55:Infinity:55:14:55:Infinity":11,"s:53:18:55:Infinity":30,"s:50:8:55:14":31,"s:55:14:55:Infinity":32,"b:55:14:59:Infinity:59:18:59:Infinity":12,"s:55:14:59:Infinity":33,"s:57:10:59:18":34,"s:59:18:59:Infinity":35,"b:59:18:61:Infinity:61:14:61:Infinity":13,"s:59:18:61:Infinity":36,"s:56:8:61:14":37,"s:61:14:61:Infinity":38,"b:61:14:65:Infinity:65:18:65:Infinity":14,"s:61:14:65:Infinity":39,"s:63:10:65:18":40,"s:65:18:65:Infinity":41,"b:65:18:67:Infinity:67:14:67:Infinity":15,"s:65:18:67:Infinity":42,"s:62:8:67:14":43,"s:67:14:67:Infinity":44,"b:67:14:71:Infinity:71:18:71:Infinity":16,"s:67:14:71:Infinity":45,"s:69:10:71:18":46,"s:71:18:71:Infinity":47,"b:71:18:72:69:72:68:72:69":17,"s:71:18:72:69":48,"s:72:39:72:68":49,"s:72:68:72:69":50,"b:72:68:73:Infinity:73:14:73:Infinity":18,"s:72:68:73:Infinity":51,"s:68:8:73:14":52,"s:73:14:73:Infinity":53,"b:73:14:77:Infinity:77:18:77:Infinity":19,"s:73:14:77:Infinity":54,"s:75:10:77:18":55,"s:77:18:77:Infinity":56,"b:77:18:79:Infinity:79:60:79:Infinity":20,"s:77:18:79:Infinity":57,"s:79:13:79:60":58,"s:79:60:79:Infinity":59,"b:79:60:81:Infinity:81:14:81:Infinity":21,"s:79:60:81:Infinity":60,"s:74:8:81:14":61,"s:81:14:81:Infinity":62,"b:81:14:82:Infinity:82:12:82:Infinity":22,"s:81:14:82:Infinity":63,"b:81:14:81:Infinity:81:14:81:Infinity:81:14:81:Infinity:81:14:81:Infinity:81:14:81:Infinity":23,"s:49:6:82:12":64,"s:82:12:82:Infinity":65,"b:82:12:87:Infinity:87:18:87:Infinity":24,"s:82:12:87:Infinity":66,"s:85:10:87:18":67,"s:87:18:87:Infinity":68,"s:91:19:91:38":69,"b:91:38:96:Infinity:96:16:96:Infinity":25,"s:91:38:96:Infinity":70,"s:92:22:96:16":71,"f:92:22:92:Infinity":3,"s:93:14:96:16":72,"s:96:16:96:Infinity":73,"b:96:16:105:Infinity:105:14:105:Infinity":26,"s:96:16:105:Infinity":74,"s:100:12:100:Infinity":75,"s:101:13:105:14":76,"s:105:14:105:Infinity":77,"b:105:14:107:Infinity:107:14:107:Infinity":27,"s:105:14:107:Infinity":78,"b:105:14:105:Infinity:105:14:105:Infinity":28,"s:84:8:107:14":79,"s:107:14:107:Infinity":80,"b:107:14:111:Infinity:111:18:111:Infinity":29,"s:107:14:111:Infinity":81,"s:109:10:111:18":82,"s:111:18:111:Infinity":83,"b:111:18:116:Infinity:116:67:116:Infinity":30,"s:111:18:116:Infinity":84,"s:115:22:116:67":85,"f:115:22:115:Infinity":4,"s:116:14:116:67":86,"s:116:67:116:Infinity":87,"b:116:67:123:Infinity:123:14:123:Infinity":31,"s:116:67:123:Infinity":88,"b:116:67:116:Infinity:116:67:116:Infinity":32,"s:108:8:123:14":89,"s:123:14:123:Infinity":90,"b:123:14:134:Infinity:134:16:134:Infinity":33,"s:123:14:134:Infinity":91,"s:129:22:134:16":92,"f:129:22:129:Infinity":5,"s:130:14:134:16":93,"s:134:16:134:Infinity":94,"b:134:16:136:Infinity:136:12:136:Infinity":34,"s:134:16:136:Infinity":95,"b:134:16:134:Infinity:134:16:134:Infinity":35,"s:125:10:134:Infinity":96,"s:136:12:136:Infinity":97,"b:136:12:139:Infinity:139:18:139:Infinity":36,"s:136:12:139:Infinity":98,"s:137:10:139:18":99,"s:139:18:139:Infinity":100,"b:139:18:140:Infinity:140:14:140:Infinity":37,"s:139:18:140:Infinity":101,"s:124:8:140:14":102,"s:140:14:140:Infinity":103,"b:140:14:160:Infinity:160:9:160:Infinity":38,"s:140:14:160:Infinity":104,"b:140:14:140:Infinity:140:14:140:Infinity:140:14:140:Infinity":39,"s:141:9:159:Infinity":105,"b:141:9:141:Infinity:142:10:159:Infinity":40,"b:152:13:152:39:152:39:152:Infinity:153:14:157:Infinity":41,"s:160:9:160:Infinity":106,"s:165:22:165:30":107,"b:165:30:168:Infinity:168:19:168:Infinity":42,"s:165:30:168:Infinity":108,"s:162:10:168:19":109,"s:168:19:168:Infinity":110,"b:168:19:175:Infinity:175:19:175:Infinity":43,"s:168:19:175:Infinity":111,"s:169:10:175:19":112,"s:175:19:175:Infinity":113,"b:175:19:176:Infinity:176:14:176:Infinity":44,"s:175:19:176:Infinity":114,"b:175:19:175:Infinity:175:19:175:Infinity":45,"s:161:8:176:14":115,"s:176:14:176:Infinity":116,"b:176:14:177:Infinity:177:13:177:Infinity":46,"s:176:14:177:Infinity":117,"b:176:14:176:Infinity:176:14:176:Infinity:176:14:176:Infinity:176:14:176:Infinity:176:14:176:Infinity:176:14:176:Infinity":47,"s:83:6:177:13":118,"s:177:13:177:Infinity":119,"b:177:13:178:Infinity:178:10:178:Infinity":48,"s:177:13:178:Infinity":120,"b:177:13:177:Infinity:177:13:177:Infinity":49,"s:47:4:178:10":121,"s:178:10:178:Infinity":122,"s:178:10:47:19":123,"s:19:15:155:46":124,"s:101:48:101:62":125,"s:101:62:104:23":126}}}
,"C:\\Users\\junio\\Desktop\\capitec\\card-dispute-portal\\src\\components\\ErrorModal.tsx": {"path":"C:\\Users\\junio\\Desktop\\capitec\\card-dispute-portal\\src\\components\\ErrorModal.tsx","statementMap":{"0":{"start":{"line":9,"column":15},"end":{"line":9,"column":35}},"1":{"start":{"line":9,"column":35},"end":{"line":9,"column":null}},"2":{"start":{"line":10,"column":19},"end":{"line":10,"column":43}},"3":{"start":{"line":10,"column":43},"end":{"line":18,"column":null}},"4":{"start":{"line":15,"column":8},"end":{"line":15,"column":null}},"5":{"start":{"line":16,"column":8},"end":{"line":18,"column":12}},"6":{"start":{"line":18,"column":12},"end":{"line":18,"column":null}},"7":{"start":{"line":18,"column":12},"end":{"line":21,"column":null}},"8":{"start":{"line":19,"column":8},"end":{"line":21,"column":12}},"9":{"start":{"line":21,"column":12},"end":{"line":21,"column":null}},"10":{"start":{"line":21,"column":12},"end":{"line":28,"column":null}},"11":{"start":{"line":23,"column":10},"end":{"line":28,"column":19}},"12":{"start":{"line":28,"column":19},"end":{"line":28,"column":null}},"13":{"start":{"line":31,"column":22},"end":{"line":31,"column":null}},"14":{"start":{"line":34,"column":19},"end":{"line":34,"column":66}},"15":{"start":{"line":34,"column":66},"end":{"line":35,"column":null}},"16":{"start":{"line":29,"column":10},"end":{"line":35,"column":19}},"17":{"start":{"line":35,"column":19},"end":{"line":35,"column":null}},"18":{"start":{"line":35,"column":19},"end":{"line":38,"column":null}},"19":{"start":{"line":13,"column":4},"end":{"line":38,"column":10}},"20":{"start":{"line":38,"column":10},"end":{"line":38,"column":null}},"21":{"start":{"line":38,"column":10},"end":{"line":13,"column":19}}},"fnMap":{"0":{"name":"ErrorModal","decl":{"start":{"line":9,"column":15},"end":{"line":9,"column":35}},"loc":{"start":{"line":9,"column":15},"end":{"line":38,"column":null}},"line":9}},"branchMap":{"0":{"loc":{"start":{"line":10,"column":43},"end":{"line":18,"column":null}},"type":"if","locations":[{"start":{"line":10,"column":43},"end":{"line":18,"column":null}},{"start":{"line":18,"column":12},"end":{"line":18,"column":null}}],"line":10},"1":{"loc":{"start":{"line":18,"column":12},"end":{"line":21,"column":null}},"type":"if","locations":[{"start":{"line":18,"column":12},"end":{"line":21,"column":null}},{"start":{"line":21,"column":12},"end":{"line":21,"column":null}}],"line":18},"2":{"loc":{"start":{"line":21,"column":12},"end":{"line":28,"column":null}},"type":"if","locations":[{"start":{"line":21,"column":12},"end":{"line":28,"column":null}},{"start":{"line":28,"column":19},"end":{"line":28,"column":null}}],"line":21},"3":{"loc":{"start":{"line":34,"column":19},"end":{"line":34,"column":66}},"type":"binary-expr","locations":[{"start":{"line":34,"column":19},"end":{"line":34,"column":35}},{"start":{"line":34,"column":19},"end":{"line":34,"column":66}}],"line":34},"4":{"loc":{"start":{"line":34,"column":66},"end":{"line":35,"column":null}},"type":"if","locations":[{"start":{"line":34,"column":66},"end":{"line":35,"column":null}},{"start":{"line":35,"column":19},"end":{"line":35,"column":null}}],"line":34},"5":{"loc":{"start":{"line":34,"column":66},"end":{"line":34,"column":null}},"type":"binary-expr","locations":[{"start":{"line":34,"column":66},"end":{"line":34,"column":null}},{"start":{"line":34,"column":66},"end":{"line":34,"column":null}},{"start":{"line":34,"column":66},"end":{"line":34,"column":null}}],"line":34},"6":{"loc":{"start":{"line":35,"column":19},"end":{"line":38,"column":null}},"type":"if","locations":[{"start":{"line":35,"column":19},"end":{"line":38,"column":null}},{"start":{"line":38,"column":10},"end":{"line":38,"column":null}}],"line":35},"7":{"loc":{"start":{"line":35,"column":19},"end":{"line":35,"column":null}},"type":"binary-expr","locations":[{"start":{"line":35,"column":19},"end":{"line":35,"column":null}},{"start":{"line":35,"column":19},"end":{"line":35,"column":null}}],"line":35}},"s":{"0":0,"1":0,"2":0,"3":0,"4":0,"5":0,"6":0,"7":0,"8":0,"9":0,"10":0,"11":0,"12":0,"13":0,"14":0,"15":0,"16":0,"17":0,"18":0,"19":0,"20":0,"21":0},"f":{"0":0},"b":{"0":[0,0],"1":[0,0],"2":[0,0],"3":[0,0],"4":[0,0],"5":[0,0,0],"6":[0,0],"7":[0,0]},"meta":{"lastBranch":8,"lastFunction":1,"lastStatement":22,"seen":{"f:9:15:9:35":0,"s:9:15:9:35":0,"s:9:35:9:Infinity":1,"s:10:19:10:43":2,"b:10:43:18:Infinity:18:12:18:Infinity":0,"s:10:43:18:Infinity":3,"s:15:8:15:Infinity":4,"s:16:8:18:12":5,"s:18:12:18:Infinity":6,"b:18:12:21:Infinity:21:12:21:Infinity":1,"s:18:12:21:Infinity":7,"s:19:8:21:12":8,"s:21:12:21:Infinity":9,"b:21:12:28:Infinity:28:19:28:Infinity":2,"s:21:12:28:Infinity":10,"s:23:10:28:19":11,"s:28:19:28:Infinity":12,"s:31:22:31:Infinity":13,"s:34:19:34:66":14,"b:34:19:34:35:34:19:34:66":3,"b:34:66:35:Infinity:35:19:35:Infinity":4,"s:34:66:35:Infinity":15,"b:34:66:34:Infinity:34:66:34:Infinity:34:66:34:Infinity":5,"s:29:10:35:19":16,"s:35:19:35:Infinity":17,"b:35:19:38:Infinity:38:10:38:Infinity":6,"s:35:19:38:Infinity":18,"b:35:19:35:Infinity:35:19:35:Infinity":7,"s:13:4:38:10":19,"s:38:10:38:Infinity":20,"s:38:10:13:19":21}}}
,"C:\\Users\\junio\\Desktop\\capitec\\card-dispute-portal\\src\\components\\Footer.tsx": {"path":"C:\\Users\\junio\\Desktop\\capitec\\card-dispute-portal\\src\\components\\Footer.tsx","statementMap":{"0":{"start":{"line":22,"column":38},"end":{"line":99,"column":null}},"1":{"start":{"line":22,"column":38},"end":{"line":22,"column":39}},"2":{"start":{"line":22,"column":39},"end":{"line":22,"column":null}},"3":{"start":{"line":23,"column":2},"end":{"line":23,"column":null}},"4":{"start":{"line":24,"column":2},"end":{"line":24,"column":null}},"5":{"start":{"line":25,"column":2},"end":{"line":25,"column":26}},"6":{"start":{"line":25,"column":26},"end":{"line":48,"column":4}},"7":{"start":{"line":27,"column":36},"end":{"line":47,"column":null}},"8":{"start":{"line":48,"column":3},"end":{"line":48,"column":4}},"9":{"start":{"line":27,"column":36},"end":{"line":27,"column":null}},"10":{"start":{"line":48,"column":4},"end":{"line":56,"column":null}},"11":{"start":{"line":54,"column":8},"end":{"line":56,"column":14}},"12":{"start":{"line":56,"column":14},"end":{"line":56,"column":null}},"13":{"start":{"line":56,"column":14},"end":{"line":75,"column":null}},"14":{"start":{"line":59,"column":8},"end":{"line":75,"column":14}},"15":{"start":{"line":75,"column":14},"end":{"line":75,"column":null}},"16":{"start":{"line":75,"column":14},"end":{"line":76,"column":null}},"17":{"start":{"line":52,"column":6},"end":{"line":76,"column":12}},"18":{"start":{"line":76,"column":12},"end":{"line":76,"column":null}},"19":{"start":{"line":76,"column":12},"end":{"line":90,"column":null}},"20":{"start":{"line":79,"column":6},"end":{"line":90,"column":12}},"21":{"start":{"line":90,"column":12},"end":{"line":90,"column":null}},"22":{"start":{"line":90,"column":12},"end":{"line":95,"column":53}},"23":{"start":{"line":95,"column":10},"end":{"line":95,"column":51}},"24":{"start":{"line":95,"column":51},"end":{"line":95,"column":53}},"25":{"start":{"line":95,"column":51},"end":{"line":95,"column":79}},"26":{"start":{"line":95,"column":53},"end":{"line":95,"column":77}},"27":{"start":{"line":95,"column":77},"end":{"line":95,"column":79}},"28":{"start":{"line":95,"column":77},"end":{"line":98,"column":null}},"29":{"start":{"line":93,"column":6},"end":{"line":98,"column":12}},"30":{"start":{"line":98,"column":12},"end":{"line":98,"column":null}},"31":{"start":{"line":98,"column":12},"end":{"line":99,"column":null}},"32":{"start":{"line":51,"column":4},"end":{"line":99,"column":13}},"33":{"start":{"line":99,"column":13},"end":{"line":99,"column":null}},"34":{"start":{"line":99,"column":13},"end":{"line":51,"column":22}},"35":{"start":{"line":61,"column":34},"end":{"line":61,"column":44}},"36":{"start":{"line":61,"column":44},"end":{"line":72,"column":18}}},"fnMap":{"0":{"name":"(anonymous_0)","decl":{"start":{"line":22,"column":38},"end":{"line":22,"column":39}},"loc":{"start":{"line":22,"column":38},"end":{"line":99,"column":null}},"line":22}},"branchMap":{"0":{"loc":{"start":{"line":23,"column":2},"end":{"line":23,"column":null}},"type":"cond-expr","locations":[{"start":{"line":23,"column":2},"end":{"line":23,"column":null}},{"start":{"line":23,"column":2},"end":{"line":23,"column":null}}],"line":23},"1":{"loc":{"start":{"line":24,"column":2},"end":{"line":24,"column":null}},"type":"cond-expr","locations":[{"start":{"line":24,"column":2},"end":{"line":24,"column":null}},{"start":{"line":24,"column":2},"end":{"line":24,"column":null}}],"line":24},"2":{"loc":{"start":{"line":25,"column":2},"end":{"line":25,"column":26}},"type":"cond-expr","locations":[{"start":{"line":25,"column":2},"end":{"line":25,"column":26}},{"start":{"line":25,"column":2},"end":{"line":25,"column":26}}],"line":25},"3":{"loc":{"start":{"line":25,"column":26},"end":{"line":48,"column":4}},"type":"if","locations":[{"start":{"line":25,"column":26},"end":{"line":48,"column":4}},{"start":{"line":48,"column":3},"end":{"line":48,"column":4}}],"line":25},"4":{"loc":{"start":{"line":48,"column":4},"end":{"line":56,"column":null}},"type":"if","locations":[{"start":{"line":48,"column":4},"end":{"line":56,"column":null}},{"start":{"line":56,"column":14},"end":{"line":56,"column":null}}],"line":48},"5":{"loc":{"start":{"line":48,"column":4},"end":{"line":48,"column":null}},"type":"binary-expr","locations":[{"start":{"line":48,"column":4},"end":{"line":48,"column":null}},{"start":{"line":48,"column":4},"end":{"line":48,"column":null}}],"line":48},"6":{"loc":{"start":{"line":56,"column":14},"end":{"line":75,"column":null}},"type":"if","locations":[{"start":{"line":56,"column":14},"end":{"line":75,"column":null}},{"start":{"line":75,"column":14},"end":{"line":75,"column":null}}],"line":56},"7":{"loc":{"start":{"line":75,"column":14},"end":{"line":76,"column":null}},"type":"if","locations":[{"start":{"line":75,"column":14},"end":{"line":76,"column":null}},{"start":{"line":76,"column":12},"end":{"line":76,"column":null}}],"line":75},"8":{"loc":{"start":{"line":76,"column":12},"end":{"line":90,"column":null}},"type":"if","locations":[{"start":{"line":76,"column":12},"end":{"line":90,"column":null}},{"start":{"line":90,"column":12},"end":{"line":90,"column":null}}],"line":76},"9":{"loc":{"start":{"line":90,"column":12},"end":{"line":95,"column":53}},"type":"if","locations":[{"start":{"line":90,"column":12},"end":{"line":95,"column":53}},{"start":{"line":95,"column":51},"end":{"line":95,"column":53}}],"line":90},"10":{"loc":{"start":{"line":95,"column":51},"end":{"line":95,"column":79}},"type":"if","locations":[{"start":{"line":95,"column":51},"end":{"line":95,"column":79}},{"start":{"line":95,"column":77},"end":{"line":95,"column":79}}],"line":95},"11":{"loc":{"start":{"line":95,"column":77},"end":{"line":98,"column":null}},"type":"if","locations":[{"start":{"line":95,"column":77},"end":{"line":98,"column":null}},{"start":{"line":98,"column":12},"end":{"line":98,"column":null}}],"line":95},"12":{"loc":{"start":{"line":98,"column":12},"end":{"line":99,"column":null}},"type":"if","locations":[{"start":{"line":98,"column":12},"end":{"line":99,"column":null}},{"start":{"line":99,"column":13},"end":{"line":99,"column":null}}],"line":98},"13":{"loc":{"start":{"line":98,"column":12},"end":{"line":98,"column":null}},"type":"binary-expr","locations":[{"start":{"line":98,"column":12},"end":{"line":98,"column":null}},{"start":{"line":98,"column":12},"end":{"line":98,"column":null}}],"line":98}},"s":{"0":1,"1":5,"2":5,"3":5,"4":5,"5":5,"6":5,"7":5,"8":0,"9":5,"10":5,"11":5,"12":0,"13":5,"14":5,"15":0,"16":5,"17":5,"18":0,"19":5,"20":5,"21":0,"22":5,"23":5,"24":0,"25":5,"26":5,"27":0,"28":5,"29":5,"30":0,"31":5,"32":5,"33":0,"34":5,"35":20,"36":20},"f":{"0":25},"b":{"0":[4,1],"1":[5,0],"2":[5,0],"3":[5,0],"4":[5,0],"5":[5,0],"6":[5,0],"7":[5,0],"8":[5,0],"9":[5,0],"10":[5,0],"11":[5,0],"12":[5,0],"13":[5,0]},"meta":{"lastBranch":14,"lastFunction":1,"lastStatement":37,"seen":{"s:22:38:99:Infinity":0,"f:22:38:22:39":0,"s:22:38:22:39":1,"s:22:39:22:Infinity":2,"s:23:2:23:Infinity":3,"b:23:2:23:Infinity:23:2:23:Infinity":0,"s:24:2:24:Infinity":4,"b:24:2:24:Infinity:24:2:24:Infinity":1,"s:25:2:25:26":5,"b:25:2:25:26:25:2:25:26":2,"b:25:26:48:4:48:3:48:4":3,"s:25:26:48:4":6,"s:27:36:47:Infinity":7,"s:48:3:48:4":8,"s:27:36:27:Infinity":9,"b:48:4:56:Infinity:56:14:56:Infinity":4,"s:48:4:56:Infinity":10,"b:48:4:48:Infinity:48:4:48:Infinity":5,"s:54:8:56:14":11,"s:56:14:56:Infinity":12,"b:56:14:75:Infinity:75:14:75:Infinity":6,"s:56:14:75:Infinity":13,"s:59:8:75:14":14,"s:75:14:75:Infinity":15,"b:75:14:76:Infinity:76:12:76:Infinity":7,"s:75:14:76:Infinity":16,"s:52:6:76:12":17,"s:76:12:76:Infinity":18,"b:76:12:90:Infinity:90:12:90:Infinity":8,"s:76:12:90:Infinity":19,"s:79:6:90:12":20,"s:90:12:90:Infinity":21,"b:90:12:95:53:95:51:95:53":9,"s:90:12:95:53":22,"s:95:10:95:51":23,"s:95:51:95:53":24,"b:95:51:95:79:95:77:95:79":10,"s:95:51:95:79":25,"s:95:53:95:77":26,"s:95:77:95:79":27,"b:95:77:98:Infinity:98:12:98:Infinity":11,"s:95:77:98:Infinity":28,"s:93:6:98:12":29,"s:98:12:98:Infinity":30,"b:98:12:99:Infinity:99:13:99:Infinity":12,"s:98:12:99:Infinity":31,"b:98:12:98:Infinity:98:12:98:Infinity":13,"s:51:4:99:13":32,"s:99:13:99:Infinity":33,"s:99:13:51:22":34,"s:61:34:61:44":35,"s:61:44:72:18":36}}}
,"C:\\Users\\junio\\Desktop\\capitec\\card-dispute-portal\\src\\components\\Header.tsx": {"path":"C:\\Users\\junio\\Desktop\\capitec\\card-dispute-portal\\src\\components\\Header.tsx","statementMap":{"0":{"start":{"line":12,"column":38},"end":{"line":136,"column":null}},"1":{"start":{"line":12,"column":38},"end":{"line":12,"column":39}},"2":{"start":{"line":12,"column":39},"end":{"line":12,"column":null}},"3":{"start":{"line":13,"column":2},"end":{"line":13,"column":null}},"4":{"start":{"line":14,"column":2},"end":{"line":14,"column":18}},"5":{"start":{"line":14,"column":18},"end":{"line":19,"column":null}},"6":{"start":{"line":15,"column":2},"end":{"line":15,"column":null}},"7":{"start":{"line":19,"column":3},"end":{"line":19,"column":null}},"8":{"start":{"line":21,"column":2},"end":{"line":21,"column":null}},"9":{"start":{"line":22,"column":2},"end":{"line":22,"column":null}},"10":{"start":{"line":23,"column":2},"end":{"line":23,"column":null}},"11":{"start":{"line":24,"column":2},"end":{"line":24,"column":31}},"12":{"start":{"line":24,"column":31},"end":{"line":28,"column":4}},"13":{"start":{"line":26,"column":21},"end":{"line":27,"column":null}},"14":{"start":{"line":27,"column":4},"end":{"line":27,"column":30}},"15":{"start":{"line":28,"column":3},"end":{"line":28,"column":4}},"16":{"start":{"line":26,"column":21},"end":{"line":26,"column":null}},"17":{"start":{"line":28,"column":4},"end":{"line":30,"column":64}},"18":{"start":{"line":30,"column":19},"end":{"line":30,"column":63}},"19":{"start":{"line":30,"column":37},"end":{"line":30,"column":63}},"20":{"start":{"line":30,"column":63},"end":{"line":30,"column":64}},"21":{"start":{"line":30,"column":19},"end":{"line":30,"column":37}},"22":{"start":{"line":30,"column":64},"end":{"line":35,"column":4}},"23":{"start":{"line":32,"column":23},"end":{"line":34,"column":null}},"24":{"start":{"line":33,"column":4},"end":{"line":33,"column":null}},"25":{"start":{"line":34,"column":4},"end":{"line":34,"column":18}},"26":{"start":{"line":35,"column":3},"end":{"line":35,"column":4}},"27":{"start":{"line":32,"column":23},"end":{"line":32,"column":null}},"28":{"start":{"line":35,"column":4},"end":{"line":48,"column":null}},"29":{"start":{"line":41,"column":10},"end":{"line":48,"column":16}},"30":{"start":{"line":48,"column":16},"end":{"line":48,"column":null}},"31":{"start":{"line":48,"column":16},"end":{"line":64,"column":null}},"32":{"start":{"line":48,"column":16},"end":{"line":64,"column":14}},"33":{"start":{"line":51,"column":27},"end":{"line":63,"column":null}},"34":{"start":{"line":52,"column":14},"end":{"line":63,"column":null}},"35":{"start":{"line":54,"column":31},"end":{"line":54,"column":null}},"36":{"start":{"line":64,"column":13},"end":{"line":64,"column":14}},"37":{"start":{"line":51,"column":13},"end":{"line":64,"column":14}},"38":{"start":{"line":64,"column":14},"end":{"line":64,"column":null}},"39":{"start":{"line":64,"column":14},"end":{"line":71,"column":null}},"40":{"start":{"line":65,"column":12},"end":{"line":71,"column":21}},"41":{"start":{"line":71,"column":21},"end":{"line":71,"column":null}},"42":{"start":{"line":71,"column":21},"end":{"line":72,"column":null}},"43":{"start":{"line":50,"column":10},"end":{"line":72,"column":16}},"44":{"start":{"line":72,"column":16},"end":{"line":72,"column":null}},"45":{"start":{"line":80,"column":25},"end":{"line":80,"column":137}},"46":{"start":{"line":80,"column":137},"end":{"line":81,"column":null}},"47":{"start":{"line":79,"column":12},"end":{"line":80,"column":null}},"48":{"start":{"line":81,"column":20},"end":{"line":81,"column":null}},"49":{"start":{"line":83,"column":25},"end":{"line":83,"column":119}},"50":{"start":{"line":83,"column":119},"end":{"line":84,"column":null}},"51":{"start":{"line":82,"column":12},"end":{"line":83,"column":null}},"52":{"start":{"line":84,"column":20},"end":{"line":84,"column":null}},"53":{"start":{"line":86,"column":25},"end":{"line":86,"column":139}},"54":{"start":{"line":86,"column":139},"end":{"line":87,"column":null}},"55":{"start":{"line":85,"column":12},"end":{"line":86,"column":null}},"56":{"start":{"line":87,"column":20},"end":{"line":87,"column":null}},"57":{"start":{"line":87,"column":20},"end":{"line":88,"column":null}},"58":{"start":{"line":74,"column":10},"end":{"line":88,"column":19}},"59":{"start":{"line":88,"column":19},"end":{"line":88,"column":null}},"60":{"start":{"line":88,"column":19},"end":{"line":90,"column":null}},"61":{"start":{"line":39,"column":6},"end":{"line":90,"column":15}},"62":{"start":{"line":90,"column":15},"end":{"line":90,"column":null}},"63":{"start":{"line":90,"column":15},"end":{"line":98,"column":null}},"64":{"start":{"line":93,"column":7},"end":{"line":96,"column":null}},"65":{"start":{"line":96,"column":25},"end":{"line":96,"column":45}},"66":{"start":{"line":98,"column":7},"end":{"line":98,"column":null}},"67":{"start":{"line":102,"column":19},"end":{"line":103,"column":null}},"68":{"start":{"line":104,"column":10},"end":{"line":123,"column":null}},"69":{"start":{"line":104,"column":10},"end":{"line":123,"column":12}},"70":{"start":{"line":107,"column":25},"end":{"line":122,"column":null}},"71":{"start":{"line":108,"column":12},"end":{"line":122,"column":null}},"72":{"start":{"line":111,"column":16},"end":{"line":111,"column":null}},"73":{"start":{"line":112,"column":16},"end":{"line":112,"column":36}},"74":{"start":{"line":123,"column":11},"end":{"line":123,"column":12}},"75":{"start":{"line":107,"column":11},"end":{"line":123,"column":12}},"76":{"start":{"line":123,"column":12},"end":{"line":123,"column":null}},"77":{"start":{"line":123,"column":12},"end":{"line":133,"column":null}},"78":{"start":{"line":124,"column":10},"end":{"line":133,"column":19}},"79":{"start":{"line":126,"column":14},"end":{"line":126,"column":null}},"80":{"start":{"line":127,"column":14},"end":{"line":127,"column":34}},"81":{"start":{"line":133,"column":19},"end":{"line":133,"column":null}},"82":{"start":{"line":133,"column":19},"end":{"line":134,"column":null}},"83":{"start":{"line":106,"column":8},"end":{"line":134,"column":14}},"84":{"start":{"line":134,"column":14},"end":{"line":134,"column":null}},"85":{"start":{"line":134,"column":14},"end":{"line":135,"column":null}},"86":{"start":{"line":101,"column":6},"end":{"line":135,"column":12}},"87":{"start":{"line":135,"column":12},"end":{"line":135,"column":null}},"88":{"start":{"line":135,"column":12},"end":{"line":136,"column":null}},"89":{"start":{"line":38,"column":4},"end":{"line":135,"column":null}},"90":{"start":{"line":136,"column":7},"end":{"line":136,"column":null}},"91":{"start":{"line":136,"column":7},"end":{"line":38,"column":null}}},"fnMap":{"0":{"name":"(anonymous_0)","decl":{"start":{"line":12,"column":38},"end":{"line":12,"column":39}},"loc":{"start":{"line":12,"column":38},"end":{"line":136,"column":null}},"line":12},"1":{"name":"(anonymous_1)","decl":{"start":{"line":26,"column":21},"end":{"line":26,"column":null}},"loc":{"start":{"line":26,"column":21},"end":{"line":27,"column":null}},"line":26},"2":{"name":"(anonymous_2)","decl":{"start":{"line":30,"column":19},"end":{"line":30,"column":37}},"loc":{"start":{"line":30,"column":37},"end":{"line":30,"column":63}},"line":30},"3":{"name":"(anonymous_3)","decl":{"start":{"line":32,"column":23},"end":{"line":32,"column":null}},"loc":{"start":{"line":32,"column":23},"end":{"line":34,"column":null}},"line":32},"4":{"name":"(anonymous_4)","decl":{"start":{"line":51,"column":27},"end":{"line":51,"column":null}},"loc":{"start":{"line":52,"column":14},"end":{"line":63,"column":null}},"line":52},"5":{"name":"(anonymous_5)","decl":{"start":{"line":54,"column":25},"end":{"line":54,"column":31}},"loc":{"start":{"line":54,"column":31},"end":{"line":54,"column":null}},"line":54},"6":{"name":"(anonymous_6)","decl":{"start":{"line":96,"column":19},"end":{"line":96,"column":25}},"loc":{"start":{"line":96,"column":25},"end":{"line":96,"column":45}},"line":96},"7":{"name":"(anonymous_7)","decl":{"start":{"line":107,"column":25},"end":{"line":107,"column":null}},"loc":{"start":{"line":108,"column":12},"end":{"line":122,"column":null}},"line":108},"8":{"name":"(anonymous_8)","decl":{"start":{"line":110,"column":23},"end":{"line":110,"column":null}},"loc":{"start":{"line":110,"column":23},"end":{"line":112,"column":null}},"line":110},"9":{"name":"(anonymous_9)","decl":{"start":{"line":125,"column":21},"end":{"line":125,"column":null}},"loc":{"start":{"line":125,"column":21},"end":{"line":127,"column":null}},"line":125}},"branchMap":{"0":{"loc":{"start":{"line":13,"column":2},"end":{"line":13,"column":null}},"type":"cond-expr","locations":[{"start":{"line":13,"column":2},"end":{"line":13,"column":null}},{"start":{"line":13,"column":2},"end":{"line":13,"column":null}}],"line":13},"1":{"loc":{"start":{"line":14,"column":2},"end":{"line":14,"column":18}},"type":"cond-expr","locations":[{"start":{"line":14,"column":2},"end":{"line":14,"column":18}},{"start":{"line":14,"column":2},"end":{"line":14,"column":18}}],"line":14},"2":{"loc":{"start":{"line":14,"column":18},"end":{"line":19,"column":null}},"type":"if","locations":[{"start":{"line":14,"column":18},"end":{"line":19,"column":null}},{"start":{"line":19,"column":3},"end":{"line":19,"column":null}}],"line":14},"3":{"loc":{"start":{"line":15,"column":2},"end":{"line":15,"column":null}},"type":"cond-expr","locations":[{"start":{"line":15,"column":2},"end":{"line":18,"column":null}},{"start":{"line":15,"column":2},"end":{"line":15,"column":null}}],"line":15},"4":{"loc":{"start":{"line":24,"column":31},"end":{"line":28,"column":4}},"type":"if","locations":[{"start":{"line":24,"column":31},"end":{"line":28,"column":4}},{"start":{"line":28,"column":3},"end":{"line":28,"column":4}}],"line":24},"5":{"loc":{"start":{"line":28,"column":4},"end":{"line":30,"column":64}},"type":"if","locations":[{"start":{"line":28,"column":4},"end":{"line":30,"column":64}},{"start":{"line":30,"column":63},"end":{"line":30,"column":64}}],"line":28},"6":{"loc":{"start":{"line":30,"column":64},"end":{"line":35,"column":4}},"type":"if","locations":[{"start":{"line":30,"column":64},"end":{"line":35,"column":4}},{"start":{"line":35,"column":3},"end":{"line":35,"column":4}}],"line":30},"7":{"loc":{"start":{"line":30,"column":64},"end":{"line":30,"column":null}},"type":"binary-expr","locations":[{"start":{"line":30,"column":64},"end":{"line":30,"column":null}},{"start":{"line":30,"column":64},"end":{"line":30,"column":null}}],"line":30},"8":{"loc":{"start":{"line":35,"column":4},"end":{"line":48,"column":null}},"type":"if","locations":[{"start":{"line":35,"column":4},"end":{"line":48,"column":null}},{"start":{"line":48,"column":16},"end":{"line":48,"column":null}}],"line":35},"9":{"loc":{"start":{"line":35,"column":4},"end":{"line":35,"column":null}},"type":"binary-expr","locations":[{"start":{"line":35,"column":4},"end":{"line":35,"column":null}},{"start":{"line":35,"column":4},"end":{"line":35,"column":null}},{"start":{"line":35,"column":4},"end":{"line":35,"column":null}}],"line":35},"10":{"loc":{"start":{"line":48,"column":16},"end":{"line":64,"column":null}},"type":"if","locations":[{"start":{"line":48,"column":16},"end":{"line":64,"column":null}},{"start":{"line":64,"column":14},"end":{"line":64,"column":null}}],"line":48},"11":{"loc":{"start":{"line":48,"column":16},"end":{"line":48,"column":null}},"type":"binary-expr","locations":[{"start":{"line":48,"column":16},"end":{"line":48,"column":null}},{"start":{"line":48,"column":16},"end":{"line":48,"column":null}},{"start":{"line":48,"column":16},"end":{"line":48,"column":null}}],"line":48},"12":{"loc":{"start":{"line":48,"column":16},"end":{"line":64,"column":14}},"type":"if","locations":[{"start":{"line":48,"column":16},"end":{"line":64,"column":14}},{"start":{"line":64,"column":13},"end":{"line":64,"column":14}}],"line":48},"13":{"loc":{"start":{"line":48,"column":16},"end":{"line":48,"column":null}},"type":"binary-expr","locations":[{"start":{"line":48,"column":16},"end":{"line":48,"column":null}},{"start":{"line":48,"column":16},"end":{"line":48,"column":null}}],"line":48},"14":{"loc":{"start":{"line":57,"column":18},"end":{"line":57,"column":27}},"type":"cond-expr","locations":[{"start":{"line":57,"column":18},"end":{"line":57,"column":27}},{"start":{"line":57,"column":18},"end":{"line":57,"column":27}}],"line":57},"15":{"loc":{"start":{"line":64,"column":14},"end":{"line":71,"column":null}},"type":"if","locations":[{"start":{"line":64,"column":14},"end":{"line":71,"column":null}},{"start":{"line":71,"column":21},"end":{"line":71,"column":null}}],"line":64},"16":{"loc":{"start":{"line":71,"column":21},"end":{"line":72,"column":null}},"type":"if","locations":[{"start":{"line":71,"column":21},"end":{"line":72,"column":null}},{"start":{"line":72,"column":16},"end":{"line":72,"column":null}}],"line":71},"17":{"loc":{"start":{"line":71,"column":21},"end":{"line":71,"column":null}},"type":"binary-expr","locations":[{"start":{"line":71,"column":21},"end":{"line":71,"column":null}},{"start":{"line":71,"column":21},"end":{"line":71,"column":null}}],"line":71},"18":{"loc":{"start":{"line":80,"column":90},"end":{"line":80,"column":135}},"type":"cond-expr","locations":[{"start":{"line":80,"column":90},"end":{"line":80,"column":135}},{"start":{"line":80,"column":90},"end":{"line":80,"column":135}}],"line":80},"19":{"loc":{"start":{"line":80,"column":137},"end":{"line":81,"column":null}},"type":"if","locations":[{"start":{"line":80,"column":137},"end":{"line":81,"column":null}},{"start":{"line":81,"column":20},"end":{"line":81,"column":null}}],"line":80},"20":{"loc":{"start":{"line":83,"column":88},"end":{"line":83,"column":117}},"type":"cond-expr","locations":[{"start":{"line":83,"column":88},"end":{"line":83,"column":117}},{"start":{"line":83,"column":88},"end":{"line":83,"column":117}}],"line":83},"21":{"loc":{"start":{"line":83,"column":119},"end":{"line":84,"column":null}},"type":"if","locations":[{"start":{"line":83,"column":119},"end":{"line":84,"column":null}},{"start":{"line":84,"column":20},"end":{"line":84,"column":null}}],"line":83},"22":{"loc":{"start":{"line":86,"column":90},"end":{"line":86,"column":137}},"type":"cond-expr","locations":[{"start":{"line":86,"column":90},"end":{"line":86,"column":137}},{"start":{"line":86,"column":90},"end":{"line":86,"column":137}}],"line":86},"23":{"loc":{"start":{"line":86,"column":139},"end":{"line":87,"column":null}},"type":"if","locations":[{"start":{"line":86,"column":139},"end":{"line":87,"column":null}},{"start":{"line":87,"column":20},"end":{"line":87,"column":null}}],"line":86},"24":{"loc":{"start":{"line":87,"column":20},"end":{"line":88,"column":null}},"type":"if","locations":[{"start":{"line":87,"column":20},"end":{"line":88,"column":null}},{"start":{"line":88,"column":19},"end":{"line":88,"column":null}}],"line":87},"25":{"loc":{"start":{"line":87,"column":20},"end":{"line":87,"column":null}},"type":"binary-expr","locations":[{"start":{"line":87,"column":20},"end":{"line":87,"column":null}},{"start":{"line":87,"column":20},"end":{"line":87,"column":null}},{"start":{"line":87,"column":20},"end":{"line":87,"column":null}},{"start":{"line":87,"column":20},"end":{"line":87,"column":null}}],"line":87},"26":{"loc":{"start":{"line":88,"column":19},"end":{"line":90,"column":null}},"type":"if","locations":[{"start":{"line":88,"column":19},"end":{"line":90,"column":null}},{"start":{"line":90,"column":15},"end":{"line":90,"column":null}}],"line":88},"27":{"loc":{"start":{"line":88,"column":19},"end":{"line":88,"column":null}},"type":"binary-expr","locations":[{"start":{"line":88,"column":19},"end":{"line":88,"column":null}},{"start":{"line":88,"column":19},"end":{"line":88,"column":null}},{"start":{"line":88,"column":19},"end":{"line":88,"column":null}}],"line":88},"28":{"loc":{"start":{"line":90,"column":15},"end":{"line":98,"column":null}},"type":"if","locations":[{"start":{"line":90,"column":15},"end":{"line":98,"column":null}},{"start":{"line":98,"column":7},"end":{"line":98,"column":null}}],"line":90},"29":{"loc":{"start":{"line":93,"column":7},"end":{"line":96,"column":null}},"type":"binary-expr","locations":[{"start":{"line":93,"column":7},"end":{"line":93,"column":null}},{"start":{"line":94,"column":8},"end":{"line":96,"column":null}}],"line":93},"30":{"loc":{"start":{"line":103,"column":10},"end":{"line":103,"column":60}},"type":"cond-expr","locations":[{"start":{"line":103,"column":10},"end":{"line":103,"column":60}},{"start":{"line":103,"column":10},"end":{"line":103,"column":60}}],"line":103},"31":{"loc":{"start":{"line":104,"column":10},"end":{"line":123,"column":null}},"type":"if","locations":[{"start":{"line":104,"column":10},"end":{"line":123,"column":null}},{"start":{"line":123,"column":12},"end":{"line":123,"column":null}}],"line":104},"32":{"loc":{"start":{"line":104,"column":10},"end":{"line":104,"column":null}},"type":"binary-expr","locations":[{"start":{"line":104,"column":10},"end":{"line":104,"column":null}},{"start":{"line":104,"column":10},"end":{"line":104,"column":null}},{"start":{"line":104,"column":10},"end":{"line":104,"column":null}}],"line":104},"33":{"loc":{"start":{"line":104,"column":10},"end":{"line":123,"column":12}},"type":"if","locations":[{"start":{"line":104,"column":10},"end":{"line":123,"column":12}},{"start":{"line":123,"column":11},"end":{"line":123,"column":12}}],"line":104},"34":{"loc":{"start":{"line":104,"column":10},"end":{"line":104,"column":null}},"type":"binary-expr","locations":[{"start":{"line":104,"column":10},"end":{"line":104,"column":null}},{"start":{"line":104,"column":10},"end":{"line":104,"column":null}}],"line":104},"35":{"loc":{"start":{"line":116,"column":16},"end":{"line":116,"column":25}},"type":"cond-expr","locations":[{"start":{"line":116,"column":16},"end":{"line":116,"column":25}},{"start":{"line":116,"column":16},"end":{"line":116,"column":25}}],"line":116},"36":{"loc":{"start":{"line":123,"column":12},"end":{"line":133,"column":null}},"type":"if","locations":[{"start":{"line":123,"column":12},"end":{"line":133,"column":null}},{"start":{"line":133,"column":19},"end":{"line":133,"column":null}}],"line":123},"37":{"loc":{"start":{"line":133,"column":19},"end":{"line":134,"column":null}},"type":"if","locations":[{"start":{"line":133,"column":19},"end":{"line":134,"column":null}},{"start":{"line":134,"column":14},"end":{"line":134,"column":null}}],"line":133},"38":{"loc":{"start":{"line":133,"column":19},"end":{"line":133,"column":null}},"type":"binary-expr","locations":[{"start":{"line":133,"column":19},"end":{"line":133,"column":null}},{"start":{"line":133,"column":19},"end":{"line":133,"column":null}}],"line":133},"39":{"loc":{"start":{"line":134,"column":14},"end":{"line":135,"column":null}},"type":"if","locations":[{"start":{"line":134,"column":14},"end":{"line":135,"column":null}},{"start":{"line":135,"column":12},"end":{"line":135,"column":null}}],"line":134},"40":{"loc":{"start":{"line":134,"column":14},"end":{"line":134,"column":null}},"type":"binary-expr","locations":[{"start":{"line":134,"column":14},"end":{"line":134,"column":null}},{"start":{"line":134,"column":14},"end":{"line":134,"column":null}}],"line":134},"41":{"loc":{"start":{"line":135,"column":12},"end":{"line":136,"column":null}},"type":"if","locations":[{"start":{"line":135,"column":12},"end":{"line":136,"column":null}},{"start":{"line":136,"column":7},"end":{"line":136,"column":null}}],"line":135},"42":{"loc":{"start":{"line":135,"column":12},"end":{"line":135,"column":null}},"type":"binary-expr","locations":[{"start":{"line":135,"column":12},"end":{"line":135,"column":null}},{"start":{"line":135,"column":12},"end":{"line":135,"column":null}},{"start":{"line":135,"column":12},"end":{"line":135,"column":null}}],"line":135}},"s":{"0":1,"1":5,"2":5,"3":5,"4":5,"5":5,"6":5,"7":1,"8":5,"9":5,"10":5,"11":5,"12":5,"13":5,"14":1,"15":0,"16":5,"17":5,"18":4,"19":24,"20":1,"21":5,"22":5,"23":4,"24":1,"25":1,"26":1,"27":5,"28":5,"29":4,"30":1,"31":5,"32":4,"33":4,"34":12,"35":0,"36":0,"37":4,"38":1,"39":5,"40":4,"41":1,"42":5,"43":4,"44":1,"45":5,"46":5,"47":5,"48":0,"49":5,"50":5,"51":5,"52":0,"53":5,"54":5,"55":5,"56":0,"57":5,"58":5,"59":0,"60":5,"61":5,"62":0,"63":5,"64":5,"65":0,"66":0,"67":5,"68":5,"69":4,"70":4,"71":12,"72":0,"73":0,"74":0,"75":4,"76":1,"77":5,"78":4,"79":0,"80":0,"81":1,"82":5,"83":4,"84":1,"85":5,"86":5,"87":0,"88":5,"89":5,"90":0,"91":5},"f":{"0":5,"1":1,"2":24,"3":1,"4":12,"5":0,"6":0,"7":12,"8":0,"9":0},"b":{"0":[5,0],"1":[5,0],"2":[4,1],"3":[4,0],"4":[5,0],"5":[4,1],"6":[4,1],"7":[5,1],"8":[4,1],"9":[5,1,1],"10":[4,1],"11":[5,1,1],"12":[4,0],"13":[4,0],"14":[4,8],"15":[4,1],"16":[4,1],"17":[5,1],"18":[1,4],"19":[5,0],"20":[1,4],"21":[5,0],"22":[1,4],"23":[5,0],"24":[5,0],"25":[5,0,0,0],"26":[5,0],"27":[5,1,0],"28":[5,0],"29":[5,1],"30":[1,4],"31":[4,1],"32":[5,1,1],"33":[4,0],"34":[4,0],"35":[4,8],"36":[4,1],"37":[4,1],"38":[5,1],"39":[5,0],"40":[5,0],"41":[5,0],"42":[5,0,0]},"meta":{"lastBranch":43,"lastFunction":10,"lastStatement":92,"seen":{"s:12:38:136:Infinity":0,"f:12:38:12:39":0,"s:12:38:12:39":1,"s:12:39:12:Infinity":2,"s:13:2:13:Infinity":3,"b:13:2:13:Infinity:13:2:13:Infinity":0,"s:14:2:14:18":4,"b:14:2:14:18:14:2:14:18":1,"b:14:18:19:Infinity:19:3:19:Infinity":2,"s:14:18:19:Infinity":5,"s:15:2:15:Infinity":6,"b:15:2:18:Infinity:15:2:15:Infinity":3,"s:19:3:19:Infinity":7,"s:21:2:21:Infinity":8,"s:22:2:22:Infinity":9,"s:23:2:23:Infinity":10,"s:24:2:24:31":11,"b:24:31:28:4:28:3:28:4":4,"s:24:31:28:4":12,"s:26:21:27:Infinity":13,"f:26:21:26:Infinity":1,"s:27:4:27:30":14,"s:28:3:28:4":15,"s:26:21:26:Infinity":16,"b:28:4:30:64:30:63:30:64":5,"s:28:4:30:64":17,"s:30:19:30:63":18,"f:30:19:30:37":2,"s:30:37:30:63":19,"s:30:63:30:64":20,"s:30:19:30:37":21,"b:30:64:35:4:35:3:35:4":6,"s:30:64:35:4":22,"b:30:64:30:Infinity:30:64:30:Infinity":7,"s:32:23:34:Infinity":23,"f:32:23:32:Infinity":3,"s:33:4:33:Infinity":24,"s:34:4:34:18":25,"s:35:3:35:4":26,"s:32:23:32:Infinity":27,"b:35:4:48:Infinity:48:16:48:Infinity":8,"s:35:4:48:Infinity":28,"b:35:4:35:Infinity:35:4:35:Infinity:35:4:35:Infinity":9,"s:41:10:48:16":29,"s:48:16:48:Infinity":30,"b:48:16:64:Infinity:64:14:64:Infinity":10,"s:48:16:64:Infinity":31,"b:48:16:48:Infinity:48:16:48:Infinity:48:16:48:Infinity":11,"b:48:16:64:14:64:13:64:14":12,"s:48:16:64:14":32,"b:48:16:48:Infinity:48:16:48:Infinity":13,"s:51:27:63:Infinity":33,"f:51:27:51:Infinity":4,"s:52:14:63:Infinity":34,"f:54:25:54:31":5,"s:54:31:54:Infinity":35,"b:57:18:57:27:57:18:57:27":14,"s:64:13:64:14":36,"s:51:13:64:14":37,"s:64:14:64:Infinity":38,"b:64:14:71:Infinity:71:21:71:Infinity":15,"s:64:14:71:Infinity":39,"s:65:12:71:21":40,"s:71:21:71:Infinity":41,"b:71:21:72:Infinity:72:16:72:Infinity":16,"s:71:21:72:Infinity":42,"b:71:21:71:Infinity:71:21:71:Infinity":17,"s:50:10:72:16":43,"s:72:16:72:Infinity":44,"s:80:25:80:137":45,"b:80:90:80:135:80:90:80:135":18,"b:80:137:81:Infinity:81:20:81:Infinity":19,"s:80:137:81:Infinity":46,"s:79:12:80:Infinity":47,"s:81:20:81:Infinity":48,"s:83:25:83:119":49,"b:83:88:83:117:83:88:83:117":20,"b:83:119:84:Infinity:84:20:84:Infinity":21,"s:83:119:84:Infinity":50,"s:82:12:83:Infinity":51,"s:84:20:84:Infinity":52,"s:86:25:86:139":53,"b:86:90:86:137:86:90:86:137":22,"b:86:139:87:Infinity:87:20:87:Infinity":23,"s:86:139:87:Infinity":54,"s:85:12:86:Infinity":55,"s:87:20:87:Infinity":56,"b:87:20:88:Infinity:88:19:88:Infinity":24,"s:87:20:88:Infinity":57,"b:87:20:87:Infinity:87:20:87:Infinity:87:20:87:Infinity:87:20:87:Infinity":25,"s:74:10:88:19":58,"s:88:19:88:Infinity":59,"b:88:19:90:Infinity:90:15:90:Infinity":26,"s:88:19:90:Infinity":60,"b:88:19:88:Infinity:88:19:88:Infinity:88:19:88:Infinity":27,"s:39:6:90:15":61,"s:90:15:90:Infinity":62,"b:90:15:98:Infinity:98:7:98:Infinity":28,"s:90:15:98:Infinity":63,"s:93:7:96:Infinity":64,"b:93:7:93:Infinity:94:8:96:Infinity":29,"f:96:19:96:25":6,"s:96:25:96:45":65,"s:98:7:98:Infinity":66,"s:102:19:103:Infinity":67,"b:103:10:103:60:103:10:103:60":30,"b:104:10:123:Infinity:123:12:123:Infinity":31,"s:104:10:123:Infinity":68,"b:104:10:104:Infinity:104:10:104:Infinity:104:10:104:Infinity":32,"b:104:10:123:12:123:11:123:12":33,"s:104:10:123:12":69,"b:104:10:104:Infinity:104:10:104:Infinity":34,"s:107:25:122:Infinity":70,"f:107:25:107:Infinity":7,"s:108:12:122:Infinity":71,"f:110:23:110:Infinity":8,"s:111:16:111:Infinity":72,"s:112:16:112:36":73,"b:116:16:116:25:116:16:116:25":35,"s:123:11:123:12":74,"s:107:11:123:12":75,"s:123:12:123:Infinity":76,"b:123:12:133:Infinity:133:19:133:Infinity":36,"s:123:12:133:Infinity":77,"s:124:10:133:19":78,"f:125:21:125:Infinity":9,"s:126:14:126:Infinity":79,"s:127:14:127:34":80,"s:133:19:133:Infinity":81,"b:133:19:134:Infinity:134:14:134:Infinity":37,"s:133:19:134:Infinity":82,"b:133:19:133:Infinity:133:19:133:Infinity":38,"s:106:8:134:14":83,"s:134:14:134:Infinity":84,"b:134:14:135:Infinity:135:12:135:Infinity":39,"s:134:14:135:Infinity":85,"b:134:14:134:Infinity:134:14:134:Infinity":40,"s:101:6:135:12":86,"s:135:12:135:Infinity":87,"b:135:12:136:Infinity:136:7:136:Infinity":41,"s:135:12:136:Infinity":88,"b:135:12:135:Infinity:135:12:135:Infinity:135:12:135:Infinity":42,"s:38:4:135:Infinity":89,"s:136:7:136:Infinity":90,"s:136:7:38:Infinity":91}}}
,"C:\\Users\\junio\\Desktop\\capitec\\card-dispute-portal\\src\\components\\ProtectedRoute.tsx": {"path":"C:\\Users\\junio\\Desktop\\capitec\\card-dispute-portal\\src\\components\\ProtectedRoute.tsx","statementMap":{"0":{"start":{"line":5,"column":15},"end":{"line":5,"column":39}},"1":{"start":{"line":5,"column":39},"end":{"line":5,"column":null}},"2":{"start":{"line":10,"column":2},"end":{"line":10,"column":null}},"3":{"start":{"line":12,"column":2},"end":{"line":16,"column":null}},"4":{"start":{"line":12,"column":15},"end":{"line":16,"column":null}},"5":{"start":{"line":14,"column":6},"end":{"line":16,"column":12}},"6":{"start":{"line":16,"column":12},"end":{"line":16,"column":null}},"7":{"start":{"line":16,"column":12},"end":{"line":14,"column":21}},"8":{"start":{"line":18,"column":3},"end":{"line":20,"column":null}},"9":{"start":{"line":20,"column":9},"end":{"line":20,"column":69}},"10":{"start":{"line":20,"column":69},"end":{"line":20,"column":null}},"11":{"start":{"line":20,"column":69},"end":{"line":20,"column":30}}},"fnMap":{"0":{"name":"ProtectedRoute","decl":{"start":{"line":5,"column":15},"end":{"line":5,"column":39}},"loc":{"start":{"line":5,"column":15},"end":{"line":20,"column":null}},"line":5}},"branchMap":{"0":{"loc":{"start":{"line":12,"column":2},"end":{"line":16,"column":null}},"type":"if","locations":[{"start":{"line":12,"column":2},"end":{"line":16,"column":null}},{"start":{},"end":{}}],"line":12},"1":{"loc":{"start":{"line":12,"column":15},"end":{"line":16,"column":null}},"type":"if","locations":[{"start":{"line":12,"column":15},"end":{"line":16,"column":null}},{"start":{"line":16,"column":12},"end":{"line":16,"column":null}}],"line":12},"2":{"loc":{"start":{"line":18,"column":3},"end":{"line":20,"column":null}},"type":"if","locations":[{"start":{"line":18,"column":3},"end":{"line":20,"column":null}},{"start":{"line":20,"column":69},"end":{"line":20,"column":null}}],"line":18},"3":{"loc":{"start":{"line":18,"column":3},"end":{"line":18,"column":null}},"type":"binary-expr","locations":[{"start":{"line":18,"column":3},"end":{"line":18,"column":null}},{"start":{"line":18,"column":3},"end":{"line":18,"column":null}}],"line":18},"4":{"loc":{"start":{"line":20,"column":9},"end":{"line":20,"column":69}},"type":"cond-expr","locations":[{"start":{"line":20,"column":9},"end":{"line":20,"column":45}},{"start":{"line":20,"column":45},"end":{"line":20,"column":69}}],"line":20}},"s":{"0":2,"1":2,"2":2,"3":2,"4":1,"5":1,"6":0,"7":1,"8":1,"9":1,"10":0,"11":1},"f":{"0":2},"b":{"0":[1,1],"1":[1,0],"2":[1,0],"3":[1,0],"4":[1,0]},"meta":{"lastBranch":5,"lastFunction":1,"lastStatement":12,"seen":{"f:5:15:5:39":0,"s:5:15:5:39":0,"s:5:39:5:Infinity":1,"s:10:2:10:Infinity":2,"b:12:2:16:Infinity:undefined:undefined:undefined:undefined":0,"s:12:2:16:Infinity":3,"b:12:15:16:Infinity:16:12:16:Infinity":1,"s:12:15:16:Infinity":4,"s:14:6:16:12":5,"s:16:12:16:Infinity":6,"s:16:12:14:21":7,"b:18:3:20:Infinity:20:69:20:Infinity":2,"s:18:3:20:Infinity":8,"b:18:3:18:Infinity:18:3:18:Infinity":3,"s:20:9:20:69":9,"b:20:9:20:45:20:45:20:69":4,"s:20:69:20:Infinity":10,"s:20:69:20:30":11}}}
,"C:\\Users\\junio\\Desktop\\capitec\\card-dispute-portal\\src\\components\\Spinner.tsx": {"path":"C:\\Users\\junio\\Desktop\\capitec\\card-dispute-portal\\src\\components\\Spinner.tsx","statementMap":{"0":{"start":{"line":5,"column":15},"end":{"line":5,"column":32}},"1":{"start":{"line":5,"column":32},"end":{"line":5,"column":34}},"2":{"start":{"line":5,"column":34},"end":{"line":5,"column":45}},"3":{"start":{"line":5,"column":45},"end":{"line":10,"column":null}},"4":{"start":{"line":6,"column":22},"end":{"line":10,"column":3}},"5":{"start":{"line":10,"column":3},"end":{"line":10,"column":null}},"6":{"start":{"line":6,"column":22},"end":{"line":6,"column":null}},"7":{"start":{"line":13,"column":20},"end":{"line":13,"column":55}},"8":{"start":{"line":13,"column":55},"end":{"line":14,"column":null}},"9":{"start":{"line":14,"column":6},"end":{"line":14,"column":134}},"10":{"start":{"line":14,"column":134},"end":{"line":14,"column":null}},"11":{"start":{"line":14,"column":134},"end":{"line":15,"column":null}},"12":{"start":{"line":13,"column":4},"end":{"line":15,"column":10}},"13":{"start":{"line":15,"column":10},"end":{"line":15,"column":null}},"14":{"start":{"line":15,"column":10},"end":{"line":13,"column":20}}},"fnMap":{"0":{"name":"Spinner","decl":{"start":{"line":5,"column":15},"end":{"line":5,"column":32}},"loc":{"start":{"line":5,"column":15},"end":{"line":15,"column":null}},"line":5}},"branchMap":{"0":{"loc":{"start":{"line":5,"column":34},"end":{"line":5,"column":45}},"type":"cond-expr","locations":[{"start":{"line":5,"column":34},"end":{"line":5,"column":45}},{"start":{"line":5,"column":34},"end":{"line":5,"column":45}}],"line":5},"1":{"loc":{"start":{"line":5,"column":45},"end":{"line":10,"column":null}},"type":"if","locations":[{"start":{"line":5,"column":45},"end":{"line":10,"column":null}},{"start":{"line":10,"column":3},"end":{"line":10,"column":null}}],"line":5},"2":{"loc":{"start":{"line":13,"column":55},"end":{"line":14,"column":null}},"type":"if","locations":[{"start":{"line":13,"column":55},"end":{"line":14,"column":null}},{"start":{"line":14,"column":134},"end":{"line":14,"column":null}}],"line":13},"3":{"loc":{"start":{"line":14,"column":134},"end":{"line":15,"column":null}},"type":"if","locations":[{"start":{"line":14,"column":134},"end":{"line":15,"column":null}},{"start":{"line":15,"column":10},"end":{"line":15,"column":null}}],"line":14}},"s":{"0":16,"1":16,"2":16,"3":16,"4":16,"5":0,"6":16,"7":16,"8":16,"9":16,"10":0,"11":16,"12":16,"13":0,"14":16},"f":{"0":16},"b":{"0":[2,14],"1":[16,0],"2":[16,0],"3":[16,0]},"meta":{"lastBranch":4,"lastFunction":1,"lastStatement":15,"seen":{"f:5:15:5:32":0,"s:5:15:5:32":0,"s:5:32:5:34":1,"s:5:34:5:45":2,"b:5:34:5:45:5:34:5:45":0,"b:5:45:10:Infinity:10:3:10:Infinity":1,"s:5:45:10:Infinity":3,"s:6:22:10:3":4,"s:10:3:10:Infinity":5,"s:6:22:6:Infinity":6,"s:13:20:13:55":7,"b:13:55:14:Infinity:14:134:14:Infinity":2,"s:13:55:14:Infinity":8,"s:14:6:14:134":9,"s:14:134:14:Infinity":10,"b:14:134:15:Infinity:15:10:15:Infinity":3,"s:14:134:15:Infinity":11,"s:13:4:15:10":12,"s:15:10:15:Infinity":13,"s:15:10:13:20":14}}}
,"C:\\Users\\junio\\Desktop\\capitec\\card-dispute-portal\\src\\components\\TransactionList.tsx": {"path":"C:\\Users\\junio\\Desktop\\capitec\\card-dispute-portal\\src\\components\\TransactionList.tsx","statementMap":{"0":{"start":{"line":17,"column":15},"end":{"line":17,"column":40}},"1":{"start":{"line":17,"column":40},"end":{"line":17,"column":null}},"2":{"start":{"line":26,"column":21},"end":{"line":26,"column":36}},"3":{"start":{"line":28,"column":25},"end":{"line":28,"column":null}},"4":{"start":{"line":39,"column":4},"end":{"line":44,"column":null}},"5":{"start":{"line":44,"column":8},"end":{"line":44,"column":65}},"6":{"start":{"line":44,"column":65},"end":{"line":44,"column":null}},"7":{"start":{"line":44,"column":65},"end":{"line":47,"column":null}},"8":{"start":{"line":47,"column":21},"end":{"line":47,"column":41}},"9":{"start":{"line":47,"column":27},"end":{"line":47,"column":41}},"10":{"start":{"line":47,"column":41},"end":{"line":47,"column":null}},"11":{"start":{"line":50,"column":18},"end":{"line":50,"column":54}},"12":{"start":{"line":50,"column":72},"end":{"line":51,"column":null}},"13":{"start":{"line":46,"column":10},"end":{"line":51,"column":19}},"14":{"start":{"line":51,"column":19},"end":{"line":51,"column":null}},"15":{"start":{"line":51,"column":19},"end":{"line":53,"column":null}},"16":{"start":{"line":53,"column":21},"end":{"line":53,"column":43}},"17":{"start":{"line":53,"column":27},"end":{"line":53,"column":43}},"18":{"start":{"line":53,"column":43},"end":{"line":53,"column":null}},"19":{"start":{"line":56,"column":20},"end":{"line":56,"column":58}},"20":{"start":{"line":56,"column":76},"end":{"line":57,"column":null}},"21":{"start":{"line":52,"column":10},"end":{"line":57,"column":19}},"22":{"start":{"line":57,"column":19},"end":{"line":57,"column":null}},"23":{"start":{"line":57,"column":19},"end":{"line":59,"column":null}},"24":{"start":{"line":43,"column":6},"end":{"line":59,"column":12}},"25":{"start":{"line":59,"column":12},"end":{"line":59,"column":null}},"26":{"start":{"line":59,"column":12},"end":{"line":101,"column":null}},"27":{"start":{"line":62,"column":9},"end":{"line":101,"column":10}},"28":{"start":{"line":63,"column":10},"end":{"line":100,"column":null}},"29":{"start":{"line":94,"column":33},"end":{"line":94,"column":null}},"30":{"start":{"line":101,"column":10},"end":{"line":101,"column":null}},"31":{"start":{"line":101,"column":10},"end":{"line":102,"column":null}},"32":{"start":{"line":61,"column":6},"end":{"line":102,"column":12}},"33":{"start":{"line":102,"column":12},"end":{"line":102,"column":null}},"34":{"start":{"line":102,"column":12},"end":{"line":106,"column":null}},"35":{"start":{"line":106,"column":19},"end":{"line":106,"column":67}},"36":{"start":{"line":106,"column":25},"end":{"line":106,"column":67}},"37":{"start":{"line":106,"column":67},"end":{"line":106,"column":null}},"38":{"start":{"line":107,"column":20},"end":{"line":107,"column":37}},"39":{"start":{"line":107,"column":37},"end":{"line":111,"column":null}},"40":{"start":{"line":105,"column":8},"end":{"line":111,"column":17}},"41":{"start":{"line":111,"column":17},"end":{"line":111,"column":null}},"42":{"start":{"line":111,"column":17},"end":{"line":114,"column":null}},"43":{"start":{"line":112,"column":8},"end":{"line":114,"column":15}},"44":{"start":{"line":114,"column":15},"end":{"line":114,"column":null}},"45":{"start":{"line":114,"column":15},"end":{"line":116,"column":null}},"46":{"start":{"line":116,"column":19},"end":{"line":116,"column":76}},"47":{"start":{"line":116,"column":25},"end":{"line":116,"column":76}},"48":{"start":{"line":116,"column":76},"end":{"line":116,"column":null}},"49":{"start":{"line":117,"column":20},"end":{"line":117,"column":46}},"50":{"start":{"line":117,"column":46},"end":{"line":121,"column":null}},"51":{"start":{"line":115,"column":8},"end":{"line":121,"column":17}},"52":{"start":{"line":121,"column":17},"end":{"line":121,"column":null}},"53":{"start":{"line":121,"column":17},"end":{"line":122,"column":null}},"54":{"start":{"line":104,"column":6},"end":{"line":122,"column":12}},"55":{"start":{"line":122,"column":12},"end":{"line":122,"column":null}},"56":{"start":{"line":122,"column":12},"end":{"line":123,"column":null}},"57":{"start":{"line":42,"column":4},"end":{"line":123,"column":10}},"58":{"start":{"line":123,"column":10},"end":{"line":123,"column":null}},"59":{"start":{"line":123,"column":10},"end":{"line":42,"column":19}},"60":{"start":{"l
[...]
,"C:\\Users\\junio\\Desktop\\capitec\\card-dispute-portal\\src\\services\\api.ts": {"path":"C:\\Users\\junio\\Desktop\\capitec\\card-dispute-portal\\src\\services\\api.ts","statementMap":{"0":{"start":{"line":3,"column":28},"end":{"line":3,"column":null}},"1":{"start":{"line":11,"column":4},"end":{"line":11,"column":null}},"2":{"start":{"line":7,"column":11},"end":{"line":7,"column":null}},"3":{"start":{"line":9,"column":11},"end":{"line":9,"column":null}},"4":{"start":{"line":12,"column":4},"end":{"line":12,"column":null}},"5":{"start":{"line":16,"column":26},"end":{"line":80,"column":null}},"6":{"start":{"line":20,"column":20},"end":{"line":20,"column":null}},"7":{"start":{"line":21,"column":20},"end":{"line":21,"column":null}},"8":{"start":{"line":22,"column":16},"end":{"line":22,"column":null}},"9":{"start":{"line":24,"column":2},"end":{"line":28,"column":null}},"10":{"start":{"line":30,"column":30},"end":{"line":38,"column":null}},"11":{"start":{"line":40,"column":2},"end":{"line":79,"column":null}},"12":{"start":{"line":41,"column":21},"end":{"line":41,"column":null}},"13":{"start":{"line":42,"column":21},"end":{"line":42,"column":null}},"14":{"start":{"line":44,"column":4},"end":{"line":55,"column":null}},"15":{"start":{"line":45,"column":20},"end":{"line":45,"column":null}},"16":{"start":{"line":47,"column":6},"end":{"line":52,"column":null}},"17":{"start":{"line":54,"column":6},"end":{"line":54,"column":null}},"18":{"start":{"line":57,"column":4},"end":{"line":62,"column":null}},"19":{"start":{"line":64,"column":4},"end":{"line":64,"column":null}},"20":{"start":{"line":66,"column":21},"end":{"line":66,"column":null}},"21":{"start":{"line":68,"column":4},"end":{"line":70,"column":null}},"22":{"start":{"line":69,"column":6},"end":{"line":69,"column":null}},"23":{"start":{"line":72,"column":4},"end":{"line":76,"column":null}},"24":{"start":{"line":78,"column":4},"end":{"line":78,"column":null}}},"fnMap":{"0":{"name":"(anonymous_0)","decl":{"start":{"line":6,"column":2},"end":{"line":6,"column":null}},"loc":{"start":{"line":10,"column":4},"end":{"line":13,"column":null}},"line":10},"1":{"name":"(anonymous_1)","decl":{"start":{"line":16,"column":26},"end":{"line":16,"column":null}},"loc":{"start":{"line":19,"column":17},"end":{"line":80,"column":null}},"line":19}},"branchMap":{"0":{"loc":{"start":{"line":3,"column":28},"end":{"line":3,"column":null}},"type":"binary-expr","locations":[{"start":{"line":3,"column":28},"end":{"line":3,"column":60}},{"start":{"line":3,"column":60},"end":{"line":3,"column":null}}],"line":3},"1":{"loc":{"start":{"line":18,"column":2},"end":{"line":18,"column":null}},"type":"default-arg","locations":[{"start":{"line":18,"column":25},"end":{"line":18,"column":null}}],"line":18},"2":{"loc":{"start":{"line":27,"column":12},"end":{"line":27,"column":null}},"type":"binary-expr","locations":[{"start":{"line":27,"column":12},"end":{"line":27,"column":30}},{"start":{"line":27,"column":30},"end":{"line":27,"column":null}}],"line":27},"3":{"loc":{"start":{"line":33,"column":10},"end":{"line":33,"column":null}},"type":"binary-expr","locations":[{"start":{"line":33,"column":10},"end":{"line":33,"column":19}},{"start":{"line":33,"column":19},"end":{"line":33,"column":null}}],"line":33},"4":{"loc":{"start":{"line":44,"column":4},"end":{"line":55,"column":null}},"type":"if","locations":[{"start":{"line":44,"column":4},"end":{"line":55,"column":null}},{"start":{},"end":{}}],"line":44},"5":{"loc":{"start":{"line":68,"column":4},"end":{"line":70,"column":null}},"type":"if","locations":[{"start":{"line":68,"column":4},"end":{"line":70,"column":null}},{"start":{},"end":{}}],"line":68}},"s":{"0":5,"1":0,"2":0,"3":0,"4":0,"5":5,"6":0,"7":0,"8":0,"9":0,"10":0,"11":0,"12":0,"13":0,"14":0,"15":0,"16":0,"17":0,"18":0,"19":0,"20":0,"21":0,"22":0,"23":0,"24":0},"f":{"0":0,"1":0},"b":{"0":[5,0],"1":[0],"2":[0,0],"3":[0,0],"4":[0,0],"5":[0,0]},"meta":{"lastBranch":6,"lastFunction":2,"lastStatement":25,"seen":{"s:3:28:3:Infinity":0,"b:3:28:3:60:3:60:3:Infinity":0,"f:6:2:6:Infinity":0,"s:11:4:11:Infinity":1,"s:7:11:7:Infinity":2,"s:9:11:9:Infinity":3,"s:12:4:12:Infinity":4,"s:16:26:80:Infinity":5,"f:16:26:16:Infinity":1,"b:18:25:18:Infinity":1,"s:20:20:20:Infinity":6,"s:21:20:21:Infinity":7,"s:22:16:22:Infinity":8,"s:24:2:28:Infinity":9,"b:27:12:27:30:27:30:27:Infinity":2,"s:30:30:38:Infinity":10,"b:33:10:33:19:33:19:33:Infinity":3,"s:40:2:79:Infinity":11,"s:41:21:41:Infinity":12,"s:42:21:42:Infinity":13,"b:44:4:55:Infinity:undefined:undefined:undefined:undefined":4,"s:44:4:55:Infinity":14,"s:45:20:45:Infinity":15,"s:47:6:52:Infinity":16,"s:54:6:54:Infinity":17,"s:57:4:62:Infinity":18,"s:64:4:64:Infinity":19,"s:66:21:66:Infinity":20,"b:68:4:70:Infinity:undefined:undefined:undefined:undefined":5,"s:68:4:70:Infinity":21,"s:69:6:69:Infinity":22,"s:72:4:76:Infinity":23,"s:78:4:78:Infinity":24}}}
,"C:\\Users\\junio\\Desktop\\capitec\\card-dispute-portal\\src\\services\\authService.ts": {"path":"C:\\Users\\junio\\Desktop\\capitec\\card-dispute-portal\\src\\services\\authService.ts","statementMap":{"0":{"start":{"line":8,"column":27},"end":{"line":35,"column":null}},"1":{"start":{"line":9,"column":12},"end":{"line":13,"column":null}},"2":{"start":{"line":15,"column":14},"end":{"line":22,"column":null}},"3":{"start":{"line":24,"column":17},"end":{"line":28,"column":null}},"4":{"start":{"line":30,"column":11},"end":{"line":34,"column":null}}},"fnMap":{"0":{"name":"(anonymous_0)","decl":{"start":{"line":9,"column":11},"end":{"line":9,"column":12}},"loc":{"start":{"line":9,"column":12},"end":{"line":13,"column":null}},"line":9},"1":{"name":"(anonymous_1)","decl":{"start":{"line":15,"column":13},"end":{"line":15,"column":14}},"loc":{"start":{"line":15,"column":14},"end":{"line":22,"column":null}},"line":15},"2":{"name":"(anonymous_2)","decl":{"start":{"line":24,"column":16},"end":{"line":24,"column":17}},"loc":{"start":{"line":24,"column":17},"end":{"line":28,"column":null}},"line":24},"3":{"name":"(anonymous_3)","decl":{"start":{"line":30,"column":10},"end":{"line":30,"column":11}},"loc":{"start":{"line":30,"column":11},"end":{"line":34,"column":null}},"line":30}},"branchMap":{},"s":{"0":5,"1":0,"2":0,"3":0,"4":0},"f":{"0":0,"1":0,"2":0,"3":0},"b":{},"meta":{"lastBranch":0,"lastFunction":4,"lastStatement":5,"seen":{"s:8:27:35:Infinity":0,"f:9:11:9:12":0,"s:9:12:13:Infinity":1,"f:15:13:15:14":1,"s:15:14:22:Infinity":2,"f:24:16:24:17":2,"s:24:17:28:Infinity":3,"f:30:10:30:11":3,"s:30:11:34:Infinity":4}}}
,"C:\\Users\\junio\\Desktop\\capitec\\card-dispute-portal\\src\\services\\logger.ts": {"path":"C:\\Users\\junio\\Desktop\\capitec\\card-dispute-portal\\src\\services\\logger.ts","statementMap":{"0":{"start":{"line":15,"column":18},"end":{"line":15,"column":null}},"1":{"start":{"line":18,"column":4},"end":{"line":18,"column":null}},"2":{"start":{"line":22,"column":4},"end":{"line":22,"column":null}},"3":{"start":{"line":26,"column":4},"end":{"line":34,"column":null}},"4":{"start":{"line":38,"column":18},"end":{"line":38,"column":null}},"5":{"start":{"line":41,"column":26},"end":{"line":41,"column":null}},"6":{"start":{"line":42,"column":4},"end":{"line":42,"column":null}},"7":{"start":{"line":45,"column":4},"end":{"line":47,"column":null}},"8":{"start":{"line":46,"column":6},"end":{"line":46,"column":null}},"9":{"start":{"line":50,"column":4},"end":{"line":52,"column":null}},"10":{"start":{"line":51,"column":6},"end":{"line":51,"column":null}},"11":{"start":{"line":56,"column":4},"end":{"line":64,"column":null}},"12":{"start":{"line":57,"column":6},"end":{"line":61,"column":null}},"13":{"start":{"line":63,"column":6},"end":{"line":63,"column":null}},"14":{"start":{"line":68,"column":4},"end":{"line":74,"column":null}},"15":{"start":{"line":69,"column":19},"end":{"line":69,"column":null}},"16":{"start":{"line":70,"column":6},"end":{"line":70,"column":null}},"17":{"start":{"line":71,"column":6},"end":{"line":71,"column":null}},"18":{"start":{"line":73,"column":6},"end":{"line":73,"column":null}},"19":{"start":{"line":78,"column":4},"end":{"line":78,"column":null}},"20":{"start":{"line":82,"column":4},"end":{"line":82,"column":null}},"21":{"start":{"line":86,"column":4},"end":{"line":86,"column":null}},"22":{"start":{"line":90,"column":25},"end":{"line":97,"column":null}},"23":{"start":{"line":98,"column":4},"end":{"line":98,"column":null}},"24":{"start":{"line":102,"column":22},"end":{"line":102,"column":null}}},"fnMap":{"0":{"name":"(anonymous_0)","decl":{"start":{"line":17,"column":2},"end":{"line":17,"column":16}},"loc":{"start":{"line":17,"column":16},"end":{"line":19,"column":null}},"line":17},"1":{"name":"(anonymous_1)","decl":{"start":{"line":21,"column":10},"end":{"line":21,"column":38}},"loc":{"start":{"line":21,"column":38},"end":{"line":23,"column":null}},"line":21},"2":{"name":"(anonymous_2)","decl":{"start":{"line":25,"column":10},"end":{"line":25,"column":25}},"loc":{"start":{"line":25,"column":100},"end":{"line":35,"column":null}},"line":25},"3":{"name":"(anonymous_3)","decl":{"start":{"line":37,"column":10},"end":{"line":37,"column":14}},"loc":{"start":{"line":37,"column":79},"end":{"line":53,"column":null}},"line":37},"4":{"name":"(anonymous_4)","decl":{"start":{"line":55,"column":16},"end":{"line":55,"column":30}},"loc":{"start":{"line":55,"column":47},"end":{"line":65,"column":null}},"line":55},"5":{"name":"(anonymous_5)","decl":{"start":{"line":67,"column":10},"end":{"line":67,"column":23}},"loc":{"start":{"line":67,"column":40},"end":{"line":75,"column":null}},"line":67},"6":{"name":"(anonymous_6)","decl":{"start":{"line":77,"column":2},"end":{"line":77,"column":8}},"loc":{"start":{"line":77,"column":56},"end":{"line":79,"column":null}},"line":77},"7":{"name":"(anonymous_7)","decl":{"start":{"line":81,"column":2},"end":{"line":81,"column":7}},"loc":{"start":{"line":81,"column":55},"end":{"line":83,"column":null}},"line":81},"8":{"name":"(anonymous_8)","decl":{"start":{"line":85,"column":2},"end":{"line":85,"column":7}},"loc":{"start":{"line":85,"column":55},"end":{"line":87,"column":null}},"line":85},"9":{"name":"(anonymous_9)","decl":{"start":{"line":89,"column":2},"end":{"line":89,"column":8}},"loc":{"start":{"line":89,"column":81},"end":{"line":99,"column":null}},"line":89}},"branchMap":{"0":{"loc":{"start":{"line":31,"column":14},"end":{"line":31,"column":null}},"type":"binary-expr","locations":[{"start":{"line":31,"column":14},"end":{"line":31,"column":50}},{"start":{"line":31,"column":50},"end":{"line":31,"column":null}}],"line":31},"1":{"loc":{"start":{"line":41,"column":26},"end":{"line":41,"column":null}},"type":"cond-expr","locations":[{"start":{"line":41,"column":46},"end":{"line":41,"column":54}},{"start":{"line":41,"column":54},"end":{"line":41,"column":null}}],"line":41},"2":{"loc":{"start":{"line":42,"column":64},"end":{"line":42,"column":77}},"type":"binary-expr","locations":[{"start":{"line":42,"column":64},"end":{"line":42,"column":75}},{"start":{"line":42,"column":75},"end":{"line":42,"column":77}}],"line":42},"3":{"loc":{"start":{"line":45,"column":4},"end":{"line":47,"column":null}},"type":"if","locations":[{"start":{"line":45,"column":4},"end":{"line":47,"column":null}},{"start":{},"end":{}}],"line":45},"4":{"loc":{"start":{"line":45,"column":8},"end":{"line":45,"column":42}},"type":"binary-expr","locations":[{"start":{"line":45,"column":8},"end":{"line":45,"column":23}},{"start":{"line":45,"column":23},"end":{"line":45,"column":42}}],"line":45},"5":{"loc":{"start":{"line":50,"column":4},"end":{"line":52,"column":null}},"type":"if","locations":[{"start":{"line":50,"column":4},"end":{"line":52,"column":null}},{"start":{},"end":{}}],"line":50},"6":{"loc":{"start":{"line":57,"column":21},"end":{"line":57,"column":80}},"type":"binary-expr","locations":[{"start":{"line":57,"column":21},"end":{"line":57,"column":53}},{"start":{"line":57,"column":53},"end":{"line":57,"column":80}}],"line":57},"7":{"loc":{"start":{"line":69,"column":30},"end":{"line":69,"column":72}},"type":"binary-expr","locations":[{"start":{"line":69,"column":30},"end":{"line":69,"column":68}},{"start":{"line":69,"column":68},"end":{"line":69,"column":72}}],"line":69},"8":{"loc":{"start":{"line":92,"column":13},"end":{"line":96,"column":null}},"type":"cond-expr","locations":[{"start":{"line":92,"column":38},"end":{"line":96,"column":10}},{"start":{"line":96,"column":10},"end":{"line":96,"column":null}}],"line":92}},"s":{"0":6,"1":6,"2":6,"3":12,"4":12,"5":12,"6":12,"7":12,"8":0,"9":12,"10":0,"11":0,"12":0,"13":0,"14":0,"15":0,"16":0,"17":0,"18":0,"19":0,"20":12,"21":0,"22":0,"23":0,"24":6},"f":{"0":6,"1":6,"2":12,"3":12,"4":0,"5":0,"6":0,"7":12,"8":0,"9":0},"b":{"0":[12,11],"1":[0,12],"2":[12,1],"3":[0,12],"4":[12,0],"5":[0,12],"6":[0,0],"7":[0,0],"8":[0,0]},"meta":{"lastBranch":9,"lastFunction":10,"lastStatement":25,"seen":{"s:15:18:15:Infinity":0,"f:17:2:17:16":0,"s:18:4:18:Infinity":1,"f:21:10:21:38":1,"s:22:4:22:Infinity":2,"f:25:10:25:25":2,"s:26:4:34:Infinity":3,"b:31:14:31:50:31:50:31:Infinity":0,"f:37:10:37:14":3,"s:38:18:38:Infinity":4,"s:41:26:41:Infinity":5,"b:41:46:41:54:41:54:41:Infinity":1,"s:42:4:42:Infinity":6,"b:42:64:42:75:42:75:42:77":2,"b:45:4:47:Infinity:undefined:undefined:undefined:undefined":3,"s:45:4:47:Infinity":7,"b:45:8:45:23:45:23:45:42":4,"s:46:6:46:Infinity":8,"b:50:4:52:Infinity:undefined:undefined:undefined:undefined":5,"s:50:4:52:Infinity":9,"s:51:6:51:Infinity":10,"f:55:16:55:30":4,"s:56:4:64:Infinity":11,"s:57:6:61:Infinity":12,"b:57:21:57:53:57:53:57:80":6,"s:63:6:63:Infinity":13,"f:67:10:67:23":5,"s:68:4:74:Infinity":14,"s:69:19:69:Infinity":15,"b:69:30:69:68:69:68:69:72":7,"s:70:6:70:Infinity":16,"s:71:6:71:Infinity":17,"s:73:6:73:Infinity":18,"f:77:2:77:8":6,"s:78:4:78:Infinity":19,"f:81:2:81:7":7,"s:82:4:82:Infinity":20,"f:85:2:85:7":8,"s:86:4:86:Infinity":21,"f:89:2:89:8":9,"s:90:25:97:Infinity":22,"b:92:38:96:10:96:10:96:Infinity":8,"s:98:4:98:Infinity":23,"s:102:22:102:Infinity":24}}}
,"C:\\Users\\junio\\Desktop\\capitec\\card-dispute-portal\\src\\utils\\navigation.ts": {"path":"C:\\Users\\junio\\Desktop\\capitec\\card-dispute-portal\\src\\utils\\navigation.ts","statementMap":{"0":{"start":{"line":3,"column":29},"end":{"line":22,"column":null}},"1":{"start":{"line":3,"column":29},"end":{"line":3,"column":null}},"2":{"start":{"line":4,"column":2},"end":{"line":4,"column":39}},"3":{"start":{"line":4,"column":39},"end":{"line":8,"column":4}},"4":{"start":{"line":6,"column":15},"end":{"line":7,"column":null}},"5":{"start":{"line":7,"column":4},"end":{"line":7,"column":18}},"6":{"start":{"line":8,"column":3},"end":{"line":8,"column":4}},"7":{"start":{"line":6,"column":15},"end":{"line":6,"column":null}},"8":{"start":{"line":8,"column":4},"end":{"line":12,"column":4}},"9":{"start":{"line":10,"column":17},"end":{"line":11,"column":null}},"10":{"start":{"line":11,"column":4},"end":{"line":11,"column":16}},"11":{"start":{"line":12,"column":3},"end":{"line":12,"column":4}},"12":{"start":{"line":10,"column":17},"end":{"line":10,"column":null}},"13":{"start":{"line":12,"column":4},"end":{"line":16,"column":4}},"14":{"start":{"line":14,"column":17},"end":{"line":15,"column":null}},"15":{"start":{"line":15,"column":4},"end":{"line":15,"column":17}},"16":{"start":{"line":16,"column":3},"end":{"line":16,"column":4}},"17":{"start":{"line":14,"column":17},"end":{"line":14,"column":null}},"18":{"start":{"line":16,"column":4},"end":{"line":20,"column":4}},"19":{"start":{"line":18,"column":23},"end":{"line":19,"column":null}},"20":{"start":{"line":19,"column":4},"end":{"line":19,"column":25}},"21":{"start":{"line":20,"column":3},"end":{"line":20,"column":4}},"22":{"start":{"line":18,"column":23},"end":{"line":18,"column":null}},"23":{"start":{"line":20,"column":4},"end":{"line":22,"column":null}},"24":{"start":{"line":22,"column":9},"end":{"line":22,"column":47}},"25":{"start":{"line":22,"column":47},"end":{"line":22,"column":null}},"26":{"start":{"line":22,"column":47},"end":{"line":22,"column":46}}},"fnMap":{"0":{"name":"(anonymous_0)","decl":{"start":{"line":3,"column":29},"end":{"line":3,"column":null}},"loc":{"start":{"line":3,"column":29},"end":{"line":22,"column":null}},"line":3},"1":{"name":"(anonymous_1)","decl":{"start":{"line":6,"column":15},"end":{"line":6,"column":null}},"loc":{"start":{"line":6,"column":15},"end":{"line":7,"column":null}},"line":6},"2":{"name":"(anonymous_2)","decl":{"start":{"line":10,"column":17},"end":{"line":10,"column":null}},"loc":{"start":{"line":10,"column":17},"end":{"line":11,"column":null}},"line":10},"3":{"name":"(anonymous_3)","decl":{"start":{"line":14,"column":17},"end":{"line":14,"column":null}},"loc":{"start":{"line":14,"column":17},"end":{"line":15,"column":null}},"line":14},"4":{"name":"(anonymous_4)","decl":{"start":{"line":18,"column":23},"end":{"line":18,"column":null}},"loc":{"start":{"line":18,"column":23},"end":{"line":19,"column":null}},"line":18}},"branchMap":{"0":{"loc":{"start":{"line":4,"column":39},"end":{"line":8,"column":4}},"type":"if","locations":[{"start":{"line":4,"column":39},"end":{"line":8,"column":4}},{"start":{"line":8,"column":3},"end":{"line":8,"column":4}}],"line":4},"1":{"loc":{"start":{"line":8,"column":4},"end":{"line":12,"column":4}},"type":"if","locations":[{"start":{"line":8,"column":4},"end":{"line":12,"column":4}},{"start":{"line":12,"column":3},"end":{"line":12,"column":4}}],"line":8},"2":{"loc":{"start":{"line":12,"column":4},"end":{"line":16,"column":4}},"type":"if","locations":[{"start":{"line":12,"column":4},"end":{"line":16,"column":4}},{"start":{"line":16,"column":3},"end":{"line":16,"column":4}}],"line":12},"3":{"loc":{"start":{"line":16,"column":4},"end":{"line":20,"column":4}},"type":"if","locations":[{"start":{"line":16,"column":4},"end":{"line":20,"column":4}},{"start":{"line":20,"column":3},"end":{"line":20,"column":4}}],"line":16},"4":{"loc":{"start":{"line":20,"column":4},"end":{"line":22,"column":null}},"type":"if","locations":[{"start":{"line":20,"column":4},"end":{"line":22,"column":null}},{"start":{"line":22,"column":47},"end":{"line":22,"column":null}}],"line":20},"5":{"loc":{"start":{"line":20,"column":4},"end":{"line":20,"column":null}},"type":"binary-expr","locations":[{"start":{"line":20,"column":4},"end":{"line":20,"column":null}},{"start":{"line":20,"column":4},"end":{"line":20,"column":null}},{"start":{"line":20,"column":4},"end":{"line":20,"column":null}},{"start":{"line":20,"column":4},"end":{"line":20,"column":null}}],"line":20}},"s":{"0":1,"1":4,"2":4,"3":4,"4":4,"5":1,"6":0,"7":4,"8":4,"9":4,"10":1,"11":0,"12":4,"13":4,"14":4,"15":1,"16":0,"17":4,"18":4,"19":4,"20":1,"21":0,"22":4,"23":4,"24":4,"25":0,"26":4},"f":{"0":4,"1":1,"2":1,"3":1,"4":1},"b":{"0":[4,0],"1":[4,0],"2":[4,0],"3":[4,0],"4":[4,0],"5":[4,0,0,0]},"meta":{"lastBranch":6,"lastFunction":5,"lastStatement":27,"seen":{"s:3:29:22:Infinity":0,"f:3:29:3:Infinity":0,"s:3:29:3:Infinity":1,"s:4:2:4:39":2,"b:4:39:8:4:8:3:8:4":0,"s:4:39:8:4":3,"s:6:15:7:Infinity":4,"f:6:15:6:Infinity":1,"s:7:4:7:18":5,"s:8:3:8:4":6,"s:6:15:6:Infinity":7,"b:8:4:12:4:12:3:12:4":1,"s:8:4:12:4":8,"s:10:17:11:Infinity":9,"f:10:17:10:Infinity":2,"s:11:4:11:16":10,"s:12:3:12:4":11,"s:10:17:10:Infinity":12,"b:12:4:16:4:16:3:16:4":2,"s:12:4:16:4":13,"s:14:17:15:Infinity":14,"f:14:17:14:Infinity":3,"s:15:4:15:17":15,"s:16:3:16:4":16,"s:14:17:14:Infinity":17,"b:16:4:20:4:20:3:20:4":3,"s:16:4:20:4":18,"s:18:23:19:Infinity":19,"f:18:23:18:Infinity":4,"s:19:4:19:25":20,"s:20:3:20:4":21,"s:18:23:18:Infinity":22,"b:20:4:22:Infinity:22:47:22:Infinity":4,"s:20:4:22:Infinity":23,"b:20:4:20:Infinity:20:4:20:Infinity:20:4:20:Infinity:20:4:20:Infinity":5,"s:22:9:22:47":24,"s:22:47:22:Infinity":25,"s:22:47:22:46":26}}}
}
